This is pdfTeX, Version 3.141592653-2.6-1.40.25 (MiKTeX 23.10) (preloaded format=pdflatex 2023.10.17)  17 OCT 2023 23:33
entering extended mode
 restricted \write18 enabled.
 %&-line parsing enabled.
**./MainTemplateDisertasi.tex
(MainTemplateDisertasi.tex
LaTeX2e <2023-06-01> patch level 1
L3 programming layer <2023-08-29>
(disertasi.cls
Document Class: disertasi 2007/10/19 v1.4h Standard LaTeX document class
(C:\Program Files\MiKTeX\tex/latex/base\bk12.clo
File: bk12.clo 2023/05/17 v1.4n Standard LaTeX file (size option)
)
\c@part=\count185
\c@chapter=\count186
\c@section=\count187
\c@subsection=\count188
\c@subsubsection=\count189
\c@paragraph=\count190
\c@subparagraph=\count191
\c@figure=\count192
\c@table=\count193
\abovecaptionskip=\skip48
\belowcaptionskip=\skip49
\bibindent=\dimen140
)
(C:\Program Files\MiKTeX\tex/latex/geometry\geometry.sty
Package: geometry 2020/01/02 v5.9 Page Geometry

(C:\Program Files\MiKTeX\tex/latex/graphics\keyval.sty
Package: keyval 2022/05/29 v1.15 key=value parser (DPC)
\KV@toks@=\toks17
)
(C:\Program Files\MiKTeX\tex/generic/iftex\ifvtex.sty
Package: ifvtex 2019/10/25 v1.7 ifvtex legacy package. Use iftex instead.

(C:\Program Files\MiKTeX\tex/generic/iftex\iftex.sty
Package: iftex 2022/02/03 v1.0f TeX engine tests
))
\Gm@cnth=\count194
\Gm@cntv=\count195
\c@Gm@tempcnt=\count196
\Gm@bindingoffset=\dimen141
\Gm@wd@mp=\dimen142
\Gm@odd@mp=\dimen143
\Gm@even@mp=\dimen144
\Gm@layoutwidth=\dimen145
\Gm@layoutheight=\dimen146
\Gm@layouthoffset=\dimen147
\Gm@layoutvoffset=\dimen148
\Gm@dimlist=\toks18

(C:\Program Files\MiKTeX\tex/latex/geometry\geometry.cfg))
(C:\Program Files\MiKTeX\tex/generic/babel\babel.sty
Package: babel 2023/09/29 v3.95 The Babel package
\babel@savecnt=\count197
\U@D=\dimen149
\l@unhyphenated=\language79

(C:\Program Files\MiKTeX\tex/generic/babel\txtbabel.def)
\bbl@readstream=\read2
\bbl@dirlevel=\count198

*************************************
* Local config file bblopts.cfg used
*
(C:\Program Files\MiKTeX\tex/latex/arabi\bblopts.cfg
File: bblopts.cfg 2005/09/08 v0.1 add Arabic and Farsi to "declared" options of
 babel
) (indonesia.ldf
Language: indonesia 2005/03/29 v1.0i indonesia support from the babel system


Package babel Warning: No hyphenation patterns were preloaded for
(babel)                the language 'inhyph' into the format.
(babel)                Please, configure your TeX system to add them and
(babel)                rebuild the format. Now I will use the patterns
(babel)                preloaded for \language=0 instead on input line 54.

Package babel Info: Hyphen rules for 'indonesia' set to \l@english
(babel)             (\language0). Reported on input line 55.
)) (C:\Program Files\MiKTeX\tex/latex/base\fontenc.sty
Package: fontenc 2021/04/29 v2.0v Standard LaTeX package
)
(C:\Program Files\MiKTeX\tex/latex/base\inputenc.sty
Package: inputenc 2021/02/14 v1.3d Input encoding file
\inpenc@prehook=\toks19
\inpenc@posthook=\toks20

(C:\Program Files\MiKTeX\tex/latex/base\latin1.def
File: latin1.def 2021/02/14 v1.3d Input encoding file
))
(C:\Program Files\MiKTeX\tex/latex/tools\array.sty
Package: array 2022/09/04 v2.5g Tabular extension package (FMi)
\col@sep=\dimen150
\ar@mcellbox=\box51
\extrarowheight=\dimen151
\NC@list=\toks21
\extratabsurround=\skip50
\backup@length=\skip51
\ar@cellbox=\box52
)
(C:\Program Files\MiKTeX\tex/latex/multirow\multirow.sty
Package: multirow 2021/03/15 v2.8 Span multiple rows of a table
\multirow@colwidth=\skip52
\multirow@cntb=\count199
\multirow@dima=\skip53
\bigstrutjot=\dimen152
)
(C:\Program Files\MiKTeX\tex/latex/tools\longtable.sty
Package: longtable 2021-09-01 v4.17 Multi-page Table package (DPC)
\LTleft=\skip54
\LTright=\skip55
\LTpre=\skip56
\LTpost=\skip57
\LTchunksize=\count266
\LTcapwidth=\dimen153
\LT@head=\box53
\LT@firsthead=\box54
\LT@foot=\box55
\LT@lastfoot=\box56
\LT@gbox=\box57
\LT@cols=\count267
\LT@rows=\count268
\c@LT@tables=\count269
\c@LT@chunks=\count270
\LT@p@ftn=\toks22
)
(C:\Program Files\MiKTeX\tex/latex/graphics\graphicx.sty
Package: graphicx 2021/09/16 v1.2d Enhanced LaTeX Graphics (DPC,SPQR)

(C:\Program Files\MiKTeX\tex/latex/graphics\graphics.sty
Package: graphics 2022/03/10 v1.4e Standard LaTeX Graphics (DPC,SPQR)

(C:\Program Files\MiKTeX\tex/latex/graphics\trig.sty
Package: trig 2021/08/11 v1.11 sin cos tan (DPC)
)
(C:\Program Files\MiKTeX\tex/latex/graphics-cfg\graphics.cfg
File: graphics.cfg 2016/06/04 v1.11 sample graphics configuration
)
Package graphics Info: Driver file: pdftex.def on input line 107.

(C:\Program Files\MiKTeX\tex/latex/graphics-def\pdftex.def
File: pdftex.def 2022/09/22 v1.2b Graphics/color driver for pdftex
))
\Gin@req@height=\dimen154
\Gin@req@width=\dimen155
)
(C:\Program Files\MiKTeX\tex/latex/epstopdf-pkg\epstopdf.sty
Package: epstopdf 2020-01-24 v2.11 Conversion with epstopdf on the fly (HO)

(C:\Program Files\MiKTeX\tex/generic/infwarerr\infwarerr.sty
Package: infwarerr 2019/12/03 v1.5 Providing info/warning/error messages (HO)
)
(C:\Program Files\MiKTeX\tex/latex/grfext\grfext.sty
Package: grfext 2019/12/03 v1.3 Manage graphics extensions (HO)

(C:\Program Files\MiKTeX\tex/generic/kvdefinekeys\kvdefinekeys.sty
Package: kvdefinekeys 2019-12-19 v1.6 Define keys (HO)
))
(C:\Program Files\MiKTeX\tex/latex/kvoptions\kvoptions.sty
Package: kvoptions 2022-06-15 v3.15 Key value format for package options (HO)

(C:\Program Files\MiKTeX\tex/generic/ltxcmds\ltxcmds.sty
Package: ltxcmds 2020-05-10 v1.25 LaTeX kernel commands for general use (HO)
)
(C:\Program Files\MiKTeX\tex/latex/kvsetkeys\kvsetkeys.sty
Package: kvsetkeys 2022-10-05 v1.19 Key value parser (HO)
))
(C:\Program Files\MiKTeX\tex/generic/pdftexcmds\pdftexcmds.sty
Package: pdftexcmds 2020-06-27 v0.33 Utility functions of pdfTeX for LuaTeX (HO
)
Package pdftexcmds Info: \pdf@primitive is available.
Package pdftexcmds Info: \pdf@ifprimitive is available.
Package pdftexcmds Info: \pdfdraftmode found.
)
(C:\Program Files\MiKTeX\tex/latex/epstopdf-pkg\epstopdf-base.sty
Package: epstopdf-base 2020-01-24 v2.11 Base part for package epstopdf
Package epstopdf-base Info: Redefining graphics rule for `.eps' on input line 4
85.
Package grfext Info: Graphics extension search list:
(grfext)             [.pdf,.png,.jpg,.mps,.jpeg,.jbig2,.jb2,.PDF,.PNG,.JPG,.JPE
G,.JBIG2,.JB2,.eps]
(grfext)             \AppendGraphicsExtensions on input line 504.

(C:\Program Files\MiKTeX\tex/latex/00miktex\epstopdf-sys.cfg
File: epstopdf-sys.cfg 2021/03/18 v2.0 Configuration of epstopdf for MiKTeX
))) (setspace.sty
Package: setspace 1998/04/8 6.3 Contributed and Supported LaTeX2e package

Package: `setspace' 6.3 <1998/04/8>
) (multind.sty) (C:\Program Files\MiKTeX\tex/latex/graphics\rotating.sty
Package: rotating 2016/08/11 v2.16d rotated objects in LaTeX

(C:\Program Files\MiKTeX\tex/latex/base\ifthen.sty
Package: ifthen 2022/04/13 v1.1d Standard LaTeX ifthen package (DPC)
)
\c@r@tfl@t=\count271
\rotFPtop=\skip58
\rotFPbot=\skip59
\rot@float@box=\box58
\rot@mess@toks=\toks23
)
(C:\Program Files\MiKTeX\tex/latex/subfig\subfig.sty
Package: subfig 2005/06/28 ver: 1.3 subfig package

(C:\Program Files\MiKTeX\tex/latex/caption\caption.sty
Package: caption 2023/08/05 v3.6o Customizing captions (AR)

(C:\Program Files\MiKTeX\tex/latex/caption\caption3.sty
Package: caption3 2023/07/31 v2.4d caption3 kernel (AR)
\caption@tempdima=\dimen156
\captionmargin=\dimen157
\caption@leftmargin=\dimen158
\caption@rightmargin=\dimen159
\caption@width=\dimen160
\caption@indent=\dimen161
\caption@parindent=\dimen162
\caption@hangindent=\dimen163
Package caption Info: Standard document class detected.
)
\c@caption@flags=\count272
\c@continuedfloat=\count273
Package caption Info: longtable package is loaded.

(C:\Program Files\MiKTeX\tex/latex/caption\ltcaption.sty
Package: ltcaption 2021/01/08 v1.4c longtable captions (AR)
)
Package caption Info: rotating package is loaded.
)
\c@KVtest=\count274
\sf@farskip=\skip60
\sf@captopadj=\dimen164
\sf@capskip=\skip61
\sf@nearskip=\skip62
\c@subfigure=\count275
\c@subfigure@save=\count276
\c@lofdepth=\count277
\c@subtable=\count278
\c@subtable@save=\count279
\c@lotdepth=\count280
\sf@top=\skip63
\sf@bottom=\skip64
) (natbib.sty
Package: natbib 1998/07/14 6.8c (PWD)
\bibhang=\skip65
\bibsep=\skip66
LaTeX Info: Redefining \cite on input line 467.
\c@NAT@ctr=\count281


Package natbib Warning: If you use both babel and natbib
(natbib)                then load babel AFTER natbib.

) (C:\Program Files\MiKTeX\tex/latex/float\float.sty
Package: float 2001/11/08 v1.3d Float enhancements (AL)
\c@float@type=\count282
\float@exts=\toks24
\float@box=\box59
\@float@everytoks=\toks25
\@floatcapt=\box60
)
(C:\Program Files\MiKTeX\tex/latex/graphics\lscape.sty
Package: lscape 2020/05/28 v3.02 Landscape Pages (DPC)
) (pseudocode.sty
** 
** Document Style `pseudocode' - environment 
** by D.L. Kreher and D.R. Stinson 
** 
** The pseudocode environment was originally developed for the book
** Combinatorial Algorithms: Enumeration, Generation, and Search
** CRC Press, 1999. 
Package: pseudocode 
\pcode@width=\skip67
(C:\Program Files\MiKTeX\tex/latex/fancybox\fancybox.sty
Package: fancybox 2010/05/15 1.4

Style option: `fancybox' v1.4 <2010/05/15> (tvz)
\@fancybox=\box61
\shadowsize=\dimen165
\@Sbox=\box62
\do@VerbBox=\toks26
\the@fancyput=\toks27
\this@fancyput=\toks28
\EndVerbatimTokens=\toks29
\Verbatim@Outfile=\write3
\Verbatim@Infile=\read3
)
\c@pseudocode=\count283
\c@pseudonum=\count284
) (lipsum.sty
Package: lipsum 2014/07/27 v1.3 150 paragraphs of Lorem Ipsum dummy text
\c@lips@count=\count285
) (fancyhdr.sty
\fancy@headwidth=\skip68
\f@ncyO@elh=\skip69
\f@ncyO@erh=\skip70
\f@ncyO@olh=\skip71
\f@ncyO@orh=\skip72
\f@ncyO@elf=\skip73
\f@ncyO@erf=\skip74
\f@ncyO@olf=\skip75
\f@ncyO@orf=\skip76
)
(C:\Program Files\MiKTeX\tex/latex/amsmath\amsmath.sty
Package: amsmath 2023/05/13 v2.17o AMS math features
\@mathmargin=\skip77

For additional information on amsmath, use the `?' option.
(C:\Program Files\MiKTeX\tex/latex/amsmath\amstext.sty
Package: amstext 2021/08/26 v2.01 AMS text

(C:\Program Files\MiKTeX\tex/latex/amsmath\amsgen.sty
File: amsgen.sty 1999/11/30 v2.0 generic functions
\@emptytoks=\toks30
\ex@=\dimen166
))
(C:\Program Files\MiKTeX\tex/latex/amsmath\amsbsy.sty
Package: amsbsy 1999/11/29 v1.2d Bold Symbols
\pmbraise@=\dimen167
)
(C:\Program Files\MiKTeX\tex/latex/amsmath\amsopn.sty
Package: amsopn 2022/04/08 v2.04 operator names
)
\inf@bad=\count286
LaTeX Info: Redefining \frac on input line 234.
\uproot@=\count287
\leftroot@=\count288
LaTeX Info: Redefining \overline on input line 399.
LaTeX Info: Redefining \colon on input line 410.
\classnum@=\count289
\DOTSCASE@=\count290
LaTeX Info: Redefining \ldots on input line 496.
LaTeX Info: Redefining \dots on input line 499.
LaTeX Info: Redefining \cdots on input line 620.
\Mathstrutbox@=\box63
\strutbox@=\box64
LaTeX Info: Redefining \big on input line 722.
LaTeX Info: Redefining \Big on input line 723.
LaTeX Info: Redefining \bigg on input line 724.
LaTeX Info: Redefining \Bigg on input line 725.
\big@size=\dimen168
LaTeX Font Info:    Redeclaring font encoding OML on input line 743.
LaTeX Font Info:    Redeclaring font encoding OMS on input line 744.
\macc@depth=\count291
LaTeX Info: Redefining \bmod on input line 905.
LaTeX Info: Redefining \pmod on input line 910.
LaTeX Info: Redefining \smash on input line 940.
LaTeX Info: Redefining \relbar on input line 970.
LaTeX Info: Redefining \Relbar on input line 971.
\c@MaxMatrixCols=\count292
\dotsspace@=\muskip16
\c@parentequation=\count293
\dspbrk@lvl=\count294
\tag@help=\toks31
\row@=\count295
\column@=\count296
\maxfields@=\count297
\andhelp@=\toks32
\eqnshift@=\dimen169
\alignsep@=\dimen170
\tagshift@=\dimen171
\tagwidth@=\dimen172
\totwidth@=\dimen173
\lineht@=\dimen174
\@envbody=\toks33
\multlinegap=\skip78
\multlinetaggap=\skip79
\mathdisplay@stack=\toks34
LaTeX Info: Redefining \[ on input line 2953.
LaTeX Info: Redefining \] on input line 2954.
)
(C:\Program Files\MiKTeX\tex/latex/tools\enumerate.sty
Package: enumerate 2015/07/23 v3.00 enumerate extensions (DPC)
\@enLab=\toks35
)
(C:\Program Files\MiKTeX\tex/latex/enumitem\enumitem.sty
Package: enumitem 2019/06/20 v3.9 Customized lists
\labelindent=\skip80
\enit@outerparindent=\dimen175
\enit@toks=\toks36
\enit@inbox=\box65
\enit@count@id=\count298
\enitdp@description=\count299
)
(C:\Program Files\MiKTeX\tex/latex/xcolor\xcolor.sty
Package: xcolor 2022/06/12 v2.14 LaTeX color extensions (UK)

(C:\Program Files\MiKTeX\tex/latex/graphics-cfg\color.cfg
File: color.cfg 2016/01/02 v1.6 sample color configuration
)
Package xcolor Info: Driver file: pdftex.def on input line 227.

(C:\Program Files\MiKTeX\tex/latex/colortbl\colortbl.sty
Package: colortbl 2022/06/20 v1.0f Color table columns (DPC)
\everycr=\toks37
\minrowclearance=\skip81
\rownum=\count300
)
(C:\Program Files\MiKTeX\tex/latex/graphics\mathcolor.ltx)
Package xcolor Info: Model `cmy' substituted by `cmy0' on input line 1353.
Package xcolor Info: Model `hsb' substituted by `rgb' on input line 1357.
Package xcolor Info: Model `RGB' extended on input line 1369.
Package xcolor Info: Model `HTML' substituted by `rgb' on input line 1371.
Package xcolor Info: Model `Hsb' substituted by `hsb' on input line 1372.
Package xcolor Info: Model `tHsb' substituted by `hsb' on input line 1373.
Package xcolor Info: Model `HSB' substituted by `hsb' on input line 1374.
Package xcolor Info: Model `Gray' substituted by `gray' on input line 1375.
Package xcolor Info: Model `wave' substituted by `hsb' on input line 1376.
)
(C:\Program Files\MiKTeX\tex/latex/tools\afterpage.sty
Package: afterpage 2014/10/28 v1.08 After-Page Package (DPC)
\AP@output=\toks38
\AP@partial=\box66
\AP@footins=\box67
) (algorithmicx.sty
Package: algorithmicx 2005/04/27 v1.2 Algorithmicx

Document Style algorithmicx 1.2 - a greatly improved `algorithmic' style
\c@ALG@line=\count301
\c@ALG@rem=\count302
\c@ALG@nested=\count303
\ALG@tlm=\skip82
\ALG@thistlm=\skip83
\c@ALG@Lnr=\count304
\c@ALG@blocknr=\count305
\c@ALG@storecount=\count306
\c@ALG@tmpcounter=\count307
\ALG@tmplength=\skip84
) (algcompatible.sty
Package: algcompatible 

Document Style - algorithmic compatible environments for the `algorithmicx' sty
le
) (algpseudocode.sty
Package: algpseudocode 

Document Style - pseudocode environments for use with the `algorithmicx' style
) (C:\Program Files\MiKTeX\tex/latex/hyperref\hyperref.sty
Package: hyperref 2023-07-08 v7.01b Hypertext links for LaTeX

(C:\Program Files\MiKTeX\tex/generic/pdfescape\pdfescape.sty
Package: pdfescape 2019/12/09 v1.15 Implements pdfTeX's escape features (HO)
)
(C:\Program Files\MiKTeX\tex/latex/hycolor\hycolor.sty
Package: hycolor 2020-01-27 v1.10 Color options for hyperref/bookmark (HO)
)
(C:\Program Files\MiKTeX\tex/latex/letltxmacro\letltxmacro.sty
Package: letltxmacro 2019/12/03 v1.6 Let assignment for LaTeX macros (HO)
)
(C:\Program Files\MiKTeX\tex/latex/auxhook\auxhook.sty
Package: auxhook 2019-12-17 v1.6 Hooks for auxiliary files (HO)
)
(C:\Program Files\MiKTeX\tex/latex/hyperref\nameref.sty
Package: nameref 2023-08-07 v2.53 Cross-referencing by name of section

(C:\Program Files\MiKTeX\tex/latex/refcount\refcount.sty
Package: refcount 2019/12/15 v3.6 Data extraction from label references (HO)
)
(C:\Program Files\MiKTeX\tex/generic/gettitlestring\gettitlestring.sty
Package: gettitlestring 2019/12/15 v1.6 Cleanup title references (HO)
)
\c@section@level=\count308
)
(C:\Program Files\MiKTeX\tex/latex/etoolbox\etoolbox.sty
Package: etoolbox 2020/10/05 v2.5k e-TeX tools for LaTeX (JAW)
\etb@tempcnta=\count309
)
\@linkdim=\dimen176
\Hy@linkcounter=\count310
\Hy@pagecounter=\count311

(C:\Program Files\MiKTeX\tex/latex/hyperref\pd1enc.def
File: pd1enc.def 2023-07-08 v7.01b Hyperref: PDFDocEncoding definition (HO)
Now handling font encoding PD1 ...
... no UTF-8 mapping file for font encoding PD1
)
(C:\Program Files\MiKTeX\tex/generic/intcalc\intcalc.sty
Package: intcalc 2019/12/15 v1.3 Expandable calculations with integers (HO)
)
\Hy@SavedSpaceFactor=\count312

(C:\Program Files\MiKTeX\tex/latex/hyperref\puenc.def
File: puenc.def 2023-07-08 v7.01b Hyperref: PDF Unicode definition (HO)
Now handling font encoding PU ...
... no UTF-8 mapping file for font encoding PU
)
Package hyperref Info: Option `bookmarksopen' set `true' on input line 4050.
Package hyperref Info: Option `breaklinks' set `true' on input line 4050.
Package hyperref Info: Hyper figures OFF on input line 4167.
Package hyperref Info: Link nesting OFF on input line 4172.
Package hyperref Info: Hyper index ON on input line 4175.
Package hyperref Info: Plain pages OFF on input line 4182.
Package hyperref Info: Backreferencing OFF on input line 4187.
Package hyperref Info: Implicit mode ON; LaTeX internals redefined.
Package hyperref Info: Bookmarks ON on input line 4434.
\c@Hy@tempcnt=\count313

(C:\Program Files\MiKTeX\tex/latex/url\url.sty
\Urlmuskip=\muskip17
Package: url 2013/09/16  ver 3.4  Verb mode for urls, etc.
)
LaTeX Info: Redefining \url on input line 4772.
\XeTeXLinkMargin=\dimen177

(C:\Program Files\MiKTeX\tex/generic/bitset\bitset.sty
Package: bitset 2019/12/09 v1.3 Handle bit-vector datatype (HO)

(C:\Program Files\MiKTeX\tex/generic/bigintcalc\bigintcalc.sty
Package: bigintcalc 2019/12/15 v1.5 Expandable calculations on big integers (HO
)
))
\Fld@menulength=\count314
\Field@Width=\dimen178
\Fld@charsize=\dimen179
Package hyperref Info: Hyper figures OFF on input line 6051.
Package hyperref Info: Link nesting OFF on input line 6056.
Package hyperref Info: Hyper index ON on input line 6059.
Package hyperref Info: backreferencing OFF on input line 6066.
Package hyperref Info: Link coloring OFF on input line 6071.
Package hyperref Info: Link coloring with OCG OFF on input line 6076.
Package hyperref Info: PDF/A mode OFF on input line 6081.

(C:\Program Files\MiKTeX\tex/latex/base\atbegshi-ltx.sty
Package: atbegshi-ltx 2021/01/10 v1.0c Emulation of the original atbegshi
package with kernel methods
)
\Hy@abspage=\count315
\c@Item=\count316
\c@Hfootnote=\count317
)
Package hyperref Info: Driver (autodetected): hpdftex.

(C:\Program Files\MiKTeX\tex/latex/hyperref\hpdftex.def
File: hpdftex.def 2023-07-08 v7.01b Hyperref driver for pdfTeX

(C:\Program Files\MiKTeX\tex/latex/base\atveryend-ltx.sty
Package: atveryend-ltx 2020/08/19 v1.0a Emulation of the original atveryend pac
kage
with kernel methods
)
\Fld@listcount=\count318
\c@bookmark@seq@number=\count319

(C:\Program Files\MiKTeX\tex/latex/rerunfilecheck\rerunfilecheck.sty
Package: rerunfilecheck 2022-07-10 v1.10 Rerun checks for auxiliary files (HO)

(C:\Program Files\MiKTeX\tex/generic/uniquecounter\uniquecounter.sty
Package: uniquecounter 2019/12/15 v1.4 Provide unlimited unique counter (HO)
)
Package uniquecounter Info: New unique counter `rerunfilecheck' on input line 2
85.
)
\Hy@SectionHShift=\skip85
)
Package hyperref Info: Option `colorlinks' set `true' on input line 103.


Package hyperref Warning: Option `bookmarks' has already been used,
(hyperref)                setting the option has no effect on input line 103.


Package hyperref Warning: Invalid value `0 0 0 0'
(hyperref)                for option `pdfborder'.
(hyperref)                Option setting is ignored on input line 103.

Package hyperref Info: Option `pdfdisplaydoctitle' set `true' on input line 103
.
Package hyperref Info: Option `pdftoolbar' set `true' on input line 103.
Package hyperref Info: Option `pdfmenubar' set `true' on input line 103.
(C:\Program Files\MiKTeX\tex/latex/amsfonts\amssymb.sty
Package: amssymb 2013/01/14 v3.01 AMS font symbols

(C:\Program Files\MiKTeX\tex/latex/amsfonts\amsfonts.sty
Package: amsfonts 2013/01/14 v3.01 Basic AMSFonts support
\symAMSa=\mathgroup4
\symAMSb=\mathgroup5
LaTeX Font Info:    Redeclaring math symbol \hbar on input line 98.
LaTeX Font Info:    Overwriting math alphabet `\mathfrak' in version `bold'
(Font)                  U/euf/m/n --> U/euf/b/n on input line 106.
))
(C:\Program Files\MiKTeX\tex/latex/psnfss\pifont.sty
Package: pifont 2020/03/25 PSNFSS-v9.3 Pi font support (SPQR) 
LaTeX Font Info:    Trying to load font information for U+pzd on input line 63.


(C:\Program Files\MiKTeX\tex/latex/psnfss\upzd.fd
File: upzd.fd 2001/06/04 font definitions for U/pzd.
)
LaTeX Font Info:    Trying to load font information for U+psy on input line 64.


(C:\Program Files\MiKTeX\tex/latex/psnfss\upsy.fd
File: upsy.fd 2001/06/04 font definitions for U/psy.
))
(C:\Program Files\MiKTeX\tex/latex/listings\listings.sty
\lst@mode=\count320
\lst@gtempboxa=\box68
\lst@token=\toks39
\lst@length=\count321
\lst@currlwidth=\dimen180
\lst@column=\count322
\lst@pos=\count323
\lst@lostspace=\dimen181
\lst@width=\dimen182
\lst@newlines=\count324
\lst@lineno=\count325
\lst@maxwidth=\dimen183

(C:\Program Files\MiKTeX\tex/latex/listings\lstmisc.sty
File: lstmisc.sty 2023/02/27 1.9 (Carsten Heinz)
\c@lstnumber=\count326
\lst@skipnumbers=\count327
\lst@framebox=\box69
)
(C:\Program Files\MiKTeX\tex/latex/listings\listings.cfg
File: listings.cfg 2023/02/27 1.9 listings configuration
))
Package: listings 2023/02/27 1.9 (Carsten Heinz)

(C:\Program Files\MiKTeX\tex/latex/base\alltt.sty
Package: alltt 2021/01/29 v2.0g defines alltt environment
)
(C:\Program Files\MiKTeX\tex/latex/booktabs\booktabs.sty
Package: booktabs 2020/01/12 v1.61803398 Publication quality tables
\heavyrulewidth=\dimen184
\lightrulewidth=\dimen185
\cmidrulewidth=\dimen186
\belowrulesep=\dimen187
\belowbottomsep=\dimen188
\aboverulesep=\dimen189
\abovetopsep=\dimen190
\cmidrulesep=\dimen191
\cmidrulekern=\dimen192
\defaultaddspace=\dimen193
\@cmidla=\count328
\@cmidlb=\count329
\@aboverulesep=\dimen194
\@belowrulesep=\dimen195
\@thisruleclass=\count330
\@lastruleclass=\count331
\@thisrulewidth=\dimen196
)
(C:\Program Files\MiKTeX\tex/latex/tools\tabularx.sty
Package: tabularx 2020/01/15 v2.11c `tabularx' package (DPC)
\TX@col@width=\dimen197
\TX@old@table=\dimen198
\TX@old@col=\dimen199
\TX@target=\dimen256
\TX@delta=\dimen257
\TX@cols=\count332
\TX@ftn=\toks40
)
Package hyperref Info: Option `breaklinks' set `true' on input line 114.

(C:\Program Files\MiKTeX\tex/latex/pgf/frontendlayer\tikz.sty
(C:\Program Files\MiKTeX\tex/latex/pgf/basiclayer\pgf.sty
(C:\Program Files\MiKTeX\tex/latex/pgf/utilities\pgfrcs.sty
(C:\Program Files\MiKTeX\tex/generic/pgf/utilities\pgfutil-common.tex
\pgfutil@everybye=\toks41
\pgfutil@tempdima=\dimen258
\pgfutil@tempdimb=\dimen259
)
(C:\Program Files\MiKTeX\tex/generic/pgf/utilities\pgfutil-latex.def
\pgfutil@abb=\box70
)
(C:\Program Files\MiKTeX\tex/generic/pgf/utilities\pgfrcs.code.tex
(C:\Program Files\MiKTeX\tex/generic/pgf\pgf.revision.tex)
Package: pgfrcs 2023-01-15 v3.1.10 (3.1.10)
))
Package: pgf 2023-01-15 v3.1.10 (3.1.10)

(C:\Program Files\MiKTeX\tex/latex/pgf/basiclayer\pgfcore.sty
(C:\Program Files\MiKTeX\tex/latex/pgf/systemlayer\pgfsys.sty
(C:\Program Files\MiKTeX\tex/generic/pgf/systemlayer\pgfsys.code.tex
Package: pgfsys 2023-01-15 v3.1.10 (3.1.10)

(C:\Program Files\MiKTeX\tex/generic/pgf/utilities\pgfkeys.code.tex
\pgfkeys@pathtoks=\toks42
\pgfkeys@temptoks=\toks43

(C:\Program Files\MiKTeX\tex/generic/pgf/utilities\pgfkeyslibraryfiltered.code.
tex
\pgfkeys@tmptoks=\toks44
))
\pgf@x=\dimen260
\pgf@y=\dimen261
\pgf@xa=\dimen262
\pgf@ya=\dimen263
\pgf@xb=\dimen264
\pgf@yb=\dimen265
\pgf@xc=\dimen266
\pgf@yc=\dimen267
\pgf@xd=\dimen268
\pgf@yd=\dimen269
\w@pgf@writea=\write4
\r@pgf@reada=\read4
\c@pgf@counta=\count333
\c@pgf@countb=\count334
\c@pgf@countc=\count335
\c@pgf@countd=\count336
\t@pgf@toka=\toks45
\t@pgf@tokb=\toks46
\t@pgf@tokc=\toks47
\pgf@sys@id@count=\count337
 (C:\Program Files\MiKTeX\tex/generic/pgf/systemlayer\pgf.cfg
File: pgf.cfg 2023-01-15 v3.1.10 (3.1.10)
)
Driver file for pgf: pgfsys-pdftex.def

(C:\Program Files\MiKTeX\tex/generic/pgf/systemlayer\pgfsys-pdftex.def
File: pgfsys-pdftex.def 2023-01-15 v3.1.10 (3.1.10)

(C:\Program Files\MiKTeX\tex/generic/pgf/systemlayer\pgfsys-common-pdf.def
File: pgfsys-common-pdf.def 2023-01-15 v3.1.10 (3.1.10)
)))
(C:\Program Files\MiKTeX\tex/generic/pgf/systemlayer\pgfsyssoftpath.code.tex
File: pgfsyssoftpath.code.tex 2023-01-15 v3.1.10 (3.1.10)
\pgfsyssoftpath@smallbuffer@items=\count338
\pgfsyssoftpath@bigbuffer@items=\count339
)
(C:\Program Files\MiKTeX\tex/generic/pgf/systemlayer\pgfsysprotocol.code.tex
File: pgfsysprotocol.code.tex 2023-01-15 v3.1.10 (3.1.10)
))
(C:\Program Files\MiKTeX\tex/generic/pgf/basiclayer\pgfcore.code.tex
Package: pgfcore 2023-01-15 v3.1.10 (3.1.10)

(C:\Program Files\MiKTeX\tex/generic/pgf/math\pgfmath.code.tex
(C:\Program Files\MiKTeX\tex/generic/pgf/math\pgfmathutil.code.tex)
(C:\Program Files\MiKTeX\tex/generic/pgf/math\pgfmathparser.code.tex
\pgfmath@dimen=\dimen270
\pgfmath@count=\count340
\pgfmath@box=\box71
\pgfmath@toks=\toks48
\pgfmath@stack@operand=\toks49
\pgfmath@stack@operation=\toks50
)
(C:\Program Files\MiKTeX\tex/generic/pgf/math\pgfmathfunctions.code.tex)
(C:\Program Files\MiKTeX\tex/generic/pgf/math\pgfmathfunctions.basic.code.tex)
(C:\Program Files\MiKTeX\tex/generic/pgf/math\pgfmathfunctions.trigonometric.co
de.tex)
(C:\Program Files\MiKTeX\tex/generic/pgf/math\pgfmathfunctions.random.code.tex)

(C:\Program Files\MiKTeX\tex/generic/pgf/math\pgfmathfunctions.comparison.code.
tex)
(C:\Program Files\MiKTeX\tex/generic/pgf/math\pgfmathfunctions.base.code.tex)
(C:\Program Files\MiKTeX\tex/generic/pgf/math\pgfmathfunctions.round.code.tex)
(C:\Program Files\MiKTeX\tex/generic/pgf/math\pgfmathfunctions.misc.code.tex)
(C:\Program Files\MiKTeX\tex/generic/pgf/math\pgfmathfunctions.integerarithmeti
cs.code.tex) (C:\Program Files\MiKTeX\tex/generic/pgf/math\pgfmathcalc.code.tex
) (C:\Program Files\MiKTeX\tex/generic/pgf/math\pgfmathfloat.code.tex
\c@pgfmathroundto@lastzeros=\count341
))
(C:\Program Files\MiKTeX\tex/generic/pgf/math\pgfint.code.tex)
(C:\Program Files\MiKTeX\tex/generic/pgf/basiclayer\pgfcorepoints.code.tex
File: pgfcorepoints.code.tex 2023-01-15 v3.1.10 (3.1.10)
\pgf@picminx=\dimen271
\pgf@picmaxx=\dimen272
\pgf@picminy=\dimen273
\pgf@picmaxy=\dimen274
\pgf@pathminx=\dimen275
\pgf@pathmaxx=\dimen276
\pgf@pathminy=\dimen277
\pgf@pathmaxy=\dimen278
\pgf@xx=\dimen279
\pgf@xy=\dimen280
\pgf@yx=\dimen281
\pgf@yy=\dimen282
\pgf@zx=\dimen283
\pgf@zy=\dimen284
)
(C:\Program Files\MiKTeX\tex/generic/pgf/basiclayer\pgfcorepathconstruct.code.t
ex
File: pgfcorepathconstruct.code.tex 2023-01-15 v3.1.10 (3.1.10)
\pgf@path@lastx=\dimen285
\pgf@path@lasty=\dimen286
)
(C:\Program Files\MiKTeX\tex/generic/pgf/basiclayer\pgfcorepathusage.code.tex
File: pgfcorepathusage.code.tex 2023-01-15 v3.1.10 (3.1.10)
\pgf@shorten@end@additional=\dimen287
\pgf@shorten@start@additional=\dimen288
)
(C:\Program Files\MiKTeX\tex/generic/pgf/basiclayer\pgfcorescopes.code.tex
File: pgfcorescopes.code.tex 2023-01-15 v3.1.10 (3.1.10)
\pgfpic=\box72
\pgf@hbox=\box73
\pgf@layerbox@main=\box74
\pgf@picture@serial@count=\count342
)
(C:\Program Files\MiKTeX\tex/generic/pgf/basiclayer\pgfcoregraphicstate.code.te
x
File: pgfcoregraphicstate.code.tex 2023-01-15 v3.1.10 (3.1.10)
\pgflinewidth=\dimen289
)
(C:\Program Files\MiKTeX\tex/generic/pgf/basiclayer\pgfcoretransformations.code
.tex
File: pgfcoretransformations.code.tex 2023-01-15 v3.1.10 (3.1.10)
\pgf@pt@x=\dimen290
\pgf@pt@y=\dimen291
\pgf@pt@temp=\dimen292
) (C:\Program Files\MiKTeX\tex/generic/pgf/basiclayer\pgfcorequick.code.tex
File: pgfcorequick.code.tex 2023-01-15 v3.1.10 (3.1.10)
) (C:\Program Files\MiKTeX\tex/generic/pgf/basiclayer\pgfcoreobjects.code.tex
File: pgfcoreobjects.code.tex 2023-01-15 v3.1.10 (3.1.10)
)
(C:\Program Files\MiKTeX\tex/generic/pgf/basiclayer\pgfcorepathprocessing.code.
tex
File: pgfcorepathprocessing.code.tex 2023-01-15 v3.1.10 (3.1.10)
) (C:\Program Files\MiKTeX\tex/generic/pgf/basiclayer\pgfcorearrows.code.tex
File: pgfcorearrows.code.tex 2023-01-15 v3.1.10 (3.1.10)
\pgfarrowsep=\dimen293
) (C:\Program Files\MiKTeX\tex/generic/pgf/basiclayer\pgfcoreshade.code.tex
File: pgfcoreshade.code.tex 2023-01-15 v3.1.10 (3.1.10)
\pgf@max=\dimen294
\pgf@sys@shading@range@num=\count343
\pgf@shadingcount=\count344
)
(C:\Program Files\MiKTeX\tex/generic/pgf/basiclayer\pgfcoreimage.code.tex
File: pgfcoreimage.code.tex 2023-01-15 v3.1.10 (3.1.10)
)
(C:\Program Files\MiKTeX\tex/generic/pgf/basiclayer\pgfcoreexternal.code.tex
File: pgfcoreexternal.code.tex 2023-01-15 v3.1.10 (3.1.10)
\pgfexternal@startupbox=\box75
)
(C:\Program Files\MiKTeX\tex/generic/pgf/basiclayer\pgfcorelayers.code.tex
File: pgfcorelayers.code.tex 2023-01-15 v3.1.10 (3.1.10)
)
(C:\Program Files\MiKTeX\tex/generic/pgf/basiclayer\pgfcoretransparency.code.te
x
File: pgfcoretransparency.code.tex 2023-01-15 v3.1.10 (3.1.10)
) (C:\Program Files\MiKTeX\tex/generic/pgf/basiclayer\pgfcorepatterns.code.tex
File: pgfcorepatterns.code.tex 2023-01-15 v3.1.10 (3.1.10)
) (C:\Program Files\MiKTeX\tex/generic/pgf/basiclayer\pgfcorerdf.code.tex
File: pgfcorerdf.code.tex 2023-01-15 v3.1.10 (3.1.10)
)))
(C:\Program Files\MiKTeX\tex/generic/pgf/modules\pgfmoduleshapes.code.tex
File: pgfmoduleshapes.code.tex 2023-01-15 v3.1.10 (3.1.10)
\pgfnodeparttextbox=\box76
)
(C:\Program Files\MiKTeX\tex/generic/pgf/modules\pgfmoduleplot.code.tex
File: pgfmoduleplot.code.tex 2023-01-15 v3.1.10 (3.1.10)
)
(C:\Program Files\MiKTeX\tex/latex/pgf/compatibility\pgfcomp-version-0-65.sty
Package: pgfcomp-version-0-65 2023-01-15 v3.1.10 (3.1.10)
\pgf@nodesepstart=\dimen295
\pgf@nodesepend=\dimen296
)
(C:\Program Files\MiKTeX\tex/latex/pgf/compatibility\pgfcomp-version-1-18.sty
Package: pgfcomp-version-1-18 2023-01-15 v3.1.10 (3.1.10)
)) (C:\Program Files\MiKTeX\tex/latex/pgf/utilities\pgffor.sty
(C:\Program Files\MiKTeX\tex/latex/pgf/utilities\pgfkeys.sty
(C:\Program Files\MiKTeX\tex/generic/pgf/utilities\pgfkeys.code.tex))
(C:\Program Files\MiKTeX\tex/latex/pgf/math\pgfmath.sty
(C:\Program Files\MiKTeX\tex/generic/pgf/math\pgfmath.code.tex))
(C:\Program Files\MiKTeX\tex/generic/pgf/utilities\pgffor.code.tex
Package: pgffor 2023-01-15 v3.1.10 (3.1.10)
\pgffor@iter=\dimen297
\pgffor@skip=\dimen298
\pgffor@stack=\toks51
\pgffor@toks=\toks52
))
(C:\Program Files\MiKTeX\tex/generic/pgf/frontendlayer/tikz\tikz.code.tex
Package: tikz 2023-01-15 v3.1.10 (3.1.10)

(C:\Program Files\MiKTeX\tex/generic/pgf/libraries\pgflibraryplothandlers.code.
tex
File: pgflibraryplothandlers.code.tex 2023-01-15 v3.1.10 (3.1.10)
\pgf@plot@mark@count=\count345
\pgfplotmarksize=\dimen299
)
\tikz@lastx=\dimen300
\tikz@lasty=\dimen301
\tikz@lastxsaved=\dimen302
\tikz@lastysaved=\dimen303
\tikz@lastmovetox=\dimen304
\tikz@lastmovetoy=\dimen305
\tikzleveldistance=\dimen306
\tikzsiblingdistance=\dimen307
\tikz@figbox=\box77
\tikz@figbox@bg=\box78
\tikz@tempbox=\box79
\tikz@tempbox@bg=\box80
\tikztreelevel=\count346
\tikznumberofchildren=\count347
\tikznumberofcurrentchild=\count348
\tikz@fig@count=\count349
 (C:\Program Files\MiKTeX\tex/generic/pgf/modules\pgfmodulematrix.code.tex
File: pgfmodulematrix.code.tex 2023-01-15 v3.1.10 (3.1.10)
\pgfmatrixcurrentrow=\count350
\pgfmatrixcurrentcolumn=\count351
\pgf@matrix@numberofcolumns=\count352
)
\tikz@expandcount=\count353

(C:\Program Files\MiKTeX\tex/generic/pgf/frontendlayer/tikz/libraries\tikzlibra
rytopaths.code.tex
File: tikzlibrarytopaths.code.tex 2023-01-15 v3.1.10 (3.1.10)
))) (C:\Program Files\MiKTeX\tex/latex/breakurl\breakurl.sty
Package: breakurl 2013/04/10 v1.40 Breakable hyperref URLs

(C:\Program Files\MiKTeX\tex/latex/xkeyval\xkeyval.sty
Package: xkeyval 2022/06/16 v2.9 package option processing (HA)

(C:\Program Files\MiKTeX\tex/generic/xkeyval\xkeyval.tex
(C:\Program Files\MiKTeX\tex/generic/xkeyval\xkvutils.tex
\XKV@toks=\toks53
\XKV@tempa@toks=\toks54
)
\XKV@depth=\count354
File: xkeyval.tex 2014/12/03 v2.7a key=value parser (HA)
))
(C:\Program Files\MiKTeX\tex/generic/iftex\ifpdf.sty
Package: ifpdf 2019/10/25 v3.4 ifpdf legacy package. Use iftex instead.
)

Package breakurl Warning: You are using breakurl while processing via pdflatex.

(breakurl)                \burl will be just a synonym of \url.
(breakurl)                 on input line 48.

) (C:\Program Files\MiKTeX\tex/latex/tools\hhline.sty
Package: hhline 2020/01/04 v2.04 Table rule package (DPC)
)
(C:\Program Files\MiKTeX\tex/latex/lm\lmodern.sty
Package: lmodern 2015/05/01 v1.6.1 Latin Modern Fonts
LaTeX Font Info:    Overwriting symbol font `operators' in version `normal'
(Font)                  OT1/cmr/m/n --> OT1/lmr/m/n on input line 22.
LaTeX Font Info:    Overwriting symbol font `letters' in version `normal'
(Font)                  OML/cmm/m/it --> OML/lmm/m/it on input line 23.
LaTeX Font Info:    Overwriting symbol font `symbols' in version `normal'
(Font)                  OMS/cmsy/m/n --> OMS/lmsy/m/n on input line 24.
LaTeX Font Info:    Overwriting symbol font `largesymbols' in version `normal'
(Font)                  OMX/cmex/m/n --> OMX/lmex/m/n on input line 25.
LaTeX Font Info:    Overwriting symbol font `operators' in version `bold'
(Font)                  OT1/cmr/bx/n --> OT1/lmr/bx/n on input line 26.
LaTeX Font Info:    Overwriting symbol font `letters' in version `bold'
(Font)                  OML/cmm/b/it --> OML/lmm/b/it on input line 27.
LaTeX Font Info:    Overwriting symbol font `symbols' in version `bold'
(Font)                  OMS/cmsy/b/n --> OMS/lmsy/b/n on input line 28.
LaTeX Font Info:    Overwriting symbol font `largesymbols' in version `bold'
(Font)                  OMX/cmex/m/n --> OMX/lmex/m/n on input line 29.
LaTeX Font Info:    Overwriting math alphabet `\mathbf' in version `normal'
(Font)                  OT1/cmr/bx/n --> OT1/lmr/bx/n on input line 31.
LaTeX Font Info:    Overwriting math alphabet `\mathsf' in version `normal'
(Font)                  OT1/cmss/m/n --> OT1/lmss/m/n on input line 32.
LaTeX Font Info:    Overwriting math alphabet `\mathit' in version `normal'
(Font)                  OT1/cmr/m/it --> OT1/lmr/m/it on input line 33.
LaTeX Font Info:    Overwriting math alphabet `\mathtt' in version `normal'
(Font)                  OT1/cmtt/m/n --> OT1/lmtt/m/n on input line 34.
LaTeX Font Info:    Overwriting math alphabet `\mathbf' in version `bold'
(Font)                  OT1/cmr/bx/n --> OT1/lmr/bx/n on input line 35.
LaTeX Font Info:    Overwriting math alphabet `\mathsf' in version `bold'
(Font)                  OT1/cmss/bx/n --> OT1/lmss/bx/n on input line 36.
LaTeX Font Info:    Overwriting math alphabet `\mathit' in version `bold'
(Font)                  OT1/cmr/bx/it --> OT1/lmr/bx/it on input line 37.
LaTeX Font Info:    Overwriting math alphabet `\mathtt' in version `bold'
(Font)                  OT1/cmtt/m/n --> OT1/lmtt/m/n on input line 38.
) (adjustbox.sty
Package: adjustbox 2019/01/04 v1.2 Adjusting TeX boxes (trim, clip, ...)
 (adjcalc.sty
Package: adjcalc 2012/05/16 v1.1 Provides advanced setlength with multiple back
-ends (calc, etex, pgfmath)
) (trimclip.sty
Package: trimclip 2018/04/08 v1.1 Trim and clip general TeX material
 (C:\Program Files\MiKTeX\tex/latex/collectbox\collectbox.sty
Package: collectbox 2022/10/17 v0.4c Collect macro arguments as boxes
\collectedbox=\box81
)
\tc@llx=\dimen308
\tc@lly=\dimen309
\tc@urx=\dimen310
\tc@ury=\dimen311
Package trimclip Info: Using driver 'tc-pdftex.def'.

(C:\Program Files\MiKTeX\tex/latex/adjustbox\tc-pdftex.def
File: tc-pdftex.def 2019/01/04 v2.2 Clipping driver for pdftex
))
\adjbox@Width=\dimen312
\adjbox@Height=\dimen313
\adjbox@Depth=\dimen314
\adjbox@Totalheight=\dimen315
\adjbox@pwidth=\dimen316
\adjbox@pheight=\dimen317
\adjbox@pdepth=\dimen318
\adjbox@ptotalheight=\dimen319

(C:\Program Files\MiKTeX\tex/latex/ifoddpage\ifoddpage.sty
Package: ifoddpage 2022/10/18 v1.2 Conditionals for odd/even page detection
\c@checkoddpage=\count355
)
(C:\Program Files\MiKTeX\tex/latex/varwidth\varwidth.sty
Package: varwidth 2009/03/30 ver 0.92;  Variable-width minipages
\@vwid@box=\box82
\sift@deathcycles=\count356
\@vwid@loff=\dimen320
\@vwid@roff=\dimen321
))
(C:\Program Files\MiKTeX\tex/latex/algorithms\algorithm.sty
Package: algorithm 2009/08/24 v0.1 Document Style `algorithm' - floating enviro
nment
\@float@every@algorithm=\toks55
\c@algorithm=\count357
) (makecell.sty
Package: makecell 2006/06/28 v0.1c Multilined Cells and Tabular Heads
\rotheadsize=\dimen322
\TeXr@lab=\toks56
)
(graphbox.sty
Package: graphbox 2018/01/17 v1.1 extension for graphicx to adjust containing b
ox
\Gin@box@box=\box83
\Gin@box@width=\skip86
\Gin@box@height=\skip87
\Gin@box@raise=\skip88
\Gin@box@hspace=\skip89
\Gin@box@bwidth=\skip90
\Gin@box@bheight=\skip91
) (C:\Program Files\MiKTeX\tex/latex/tools\multicol.sty
Package: multicol 2023/03/30 v1.9f multicolumn formatting (FMi)
\c@tracingmulticols=\count358
\mult@box=\box84
\multicol@leftmargin=\dimen323
\c@unbalance=\count359
\c@collectmore=\count360
\doublecol@number=\count361
\multicoltolerance=\count362
\multicolpretolerance=\count363
\full@width=\dimen324
\page@free=\dimen325
\premulticols=\dimen326
\postmulticols=\dimen327
\multicolsep=\skip92
\multicolbaselineskip=\skip93
\partial@page=\box85
\last@line=\box86
\mc@boxedresult=\box87
\maxbalancingoverflow=\dimen328
\mult@rightbox=\box88
\mult@grightbox=\box89
\mult@firstbox=\box90
\mult@gfirstbox=\box91
\@tempa=\box92
\@tempa=\box93
\@tempa=\box94
\@tempa=\box95
\@tempa=\box96
\@tempa=\box97
\@tempa=\box98
\@tempa=\box99
\@tempa=\box100
\@tempa=\box101
\@tempa=\box102
\@tempa=\box103
\@tempa=\box104
\@tempa=\box105
\@tempa=\box106
\@tempa=\box107
\@tempa=\box108
\@tempa=\box109
\@tempa=\box110
\@tempa=\box111
\@tempa=\box112
\@tempa=\box113
\@tempa=\box114
\@tempa=\box115
\@tempa=\box116
\@tempa=\box117
\@tempa=\box118
\@tempa=\box119
\@tempa=\box120
\@tempa=\box121
\@tempa=\box122
\@tempa=\box123
\@tempa=\box124
\@tempa=\box125
\@tempa=\box126
\@tempa=\box127
\c@minrows=\count364
\c@columnbadness=\count365
\c@finalcolumnbadness=\count366
\last@try=\dimen329
\multicolovershoot=\dimen330
\multicolundershoot=\dimen331
\mult@nat@firstbox=\box128
\colbreak@box=\box129
\mc@col@check@num=\count367
)
(C:\Program Files\MiKTeX\tex/latex/titlesec\titlesec.sty
Package: titlesec 2021/07/05 v2.14 Sectioning titles
\ttl@box=\box130
\beforetitleunit=\skip94
\aftertitleunit=\skip95
\ttl@plus=\dimen332
\ttl@minus=\dimen333
\ttl@toksa=\toks57
\titlewidth=\dimen334
\titlewidthlast=\dimen335
\titlewidthfirst=\dimen336
)
(C:\Program Files\MiKTeX\tex/latex/base\textcomp.sty
Package: textcomp 2020/02/02 v2.0n Standard LaTeX package
)
(C:\Program Files\MiKTeX\tex/latex/listings\lstlang1.sty
File: lstlang1.sty 2023/02/27 1.9 listings language file
)
\c@nalg=\count368
\c@algsubstate=\count369
LaTeX Font Info:    Trying to load font information for T1+lmr on input line 27
2.

(C:\Program Files\MiKTeX\tex/latex/lm\t1lmr.fd
File: t1lmr.fd 2015/05/01 v1.6.1 Font defs for Latin Modern
)
(C:\Program Files\MiKTeX\tex/latex/l3backend\l3backend-pdftex.def
File: l3backend-pdftex.def 2023-04-19 L3 backend support: PDF output (pdfTeX)
\l__color_backend_stack_int=\count370
\l__pdf_internal_box=\box131
)
(MainTemplateDisertasi.aux (cover.aux) (cover_judul.aux) (Lembar_Pengesahan.aux
) (Lembar_Penguji.aux) (originalitas.aux) (abstrak.aux) (abstract.aux)
(katapengantar.aux) (daftaristilah.aux)

LaTeX Warning: Label `metrik-blur' multiply defined.


LaTeX Warning: Label `obyektif-skor' multiply defined.


LaTeX Warning: Label `eq.regresi' multiply defined.

(daftarlampiran.aux)

LaTeX Warning: Label `tab:my-table' multiply defined.


LaTeX Warning: Label `tab:my-table' multiply defined.

)
\openout1 = `MainTemplateDisertasi.aux'.

LaTeX Font Info:    Checking defaults for OML/cmm/m/it on input line 272.
LaTeX Font Info:    ... okay on input line 272.
LaTeX Font Info:    Checking defaults for OMS/cmsy/m/n on input line 272.
LaTeX Font Info:    ... okay on input line 272.
LaTeX Font Info:    Checking defaults for OT1/cmr/m/n on input line 272.
LaTeX Font Info:    ... okay on input line 272.
LaTeX Font Info:    Checking defaults for T1/cmr/m/n on input line 272.
LaTeX Font Info:    ... okay on input line 272.
LaTeX Font Info:    Checking defaults for TS1/cmr/m/n on input line 272.
LaTeX Font Info:    ... okay on input line 272.
LaTeX Font Info:    Checking defaults for OMX/cmex/m/n on input line 272.
LaTeX Font Info:    ... okay on input line 272.
LaTeX Font Info:    Checking defaults for U/cmr/m/n on input line 272.
LaTeX Font Info:    ... okay on input line 272.
LaTeX Font Info:    Checking defaults for PD1/pdf/m/n on input line 272.
LaTeX Font Info:    ... okay on input line 272.
LaTeX Font Info:    Checking defaults for PU/pdf/m/n on input line 272.
LaTeX Font Info:    ... okay on input line 272.

*geometry* driver: auto-detecting
*geometry* detected driver: pdftex
*geometry* verbose mode - [ preamble ] result:
* driver: pdftex
* paper: a4paper
* layout: <same size as paper>
* layoutoffset:(h,v)=(0.0pt,0.0pt)
* modes: 
* h-part:(L,W,R)=(113.81102pt, 398.3386pt, 85.35826pt)
* v-part:(T,H,B)=(85.35826pt, 674.33032pt, 85.35826pt)
* \paperwidth=597.50787pt
* \paperheight=845.04684pt
* \textwidth=398.3386pt
* \textheight=674.33032pt
* \oddsidemargin=41.54103pt
* \evensidemargin=41.54103pt
* \topmargin=-18.78552pt
* \headheight=12.0pt
* \headsep=19.8738pt
* \topskip=12.0pt
* \footskip=30.0pt
* \marginparwidth=38.0pt
* \marginparsep=7.0pt
* \columnsep=0.0pt
* \skip\footins=10.8pt plus 4.0pt minus 2.0pt
* \hoffset=0.0pt
* \voffset=0.0pt
* \mag=1000
* \@twocolumnfalse
* \@twosidefalse
* \@mparswitchfalse
* \@reversemarginfalse
* (1in=72.27pt=25.4mm, 1cm=28.453pt)

(C:\Program Files\MiKTeX\tex/context/base/mkii\supp-pdf.mkii
[Loading MPS to PDF converter (version 2006.09.02).]
\scratchcounter=\count371
\scratchdimen=\dimen337
\scratchbox=\box132
\nofMPsegments=\count372
\nofMParguments=\count373
\everyMPshowfont=\toks58
\MPscratchCnt=\count374
\MPscratchDim=\dimen338
\MPnumerator=\count375
\makeMPintoPDFobject=\count376
\everyMPtoPDFconversion=\toks59
)
Package caption Info: Begin \AtBeginDocument code.
Package caption Info: subfig package v1.3 is loaded.
Package caption Info: float package is loaded.
Package caption Info: hyperref package is loaded.
Package caption Info: listings package is loaded.
Package caption Info: End \AtBeginDocument code.
Package hyperref Info: Link coloring ON on input line 272.
 (MainTemplateDisertasi.out) (MainTemplateDisertasi.out)
\@outlinefile=\write5
\openout5 = `MainTemplateDisertasi.out'.

\c@lstlisting=\count377
\openout2 = `cover.aux'.

 (cover.tex
Package epstopdf Info: Source file: <LogoGundar.eps>
(epstopdf)                    date: 2020-07-27 21:36:06
(epstopdf)                    size: 102448 bytes
(epstopdf)             Output file: <LogoGundar-eps-converted-to.pdf>
(epstopdf)                    date: 2020-07-27 21:36:10
(epstopdf)                    size: 11256 bytes
(epstopdf)             Command: <miktex-epstopdf --outfile=LogoGundar-eps-conve
rted-to.pdf LogoGundar.eps>
(epstopdf)             \includegraphics on input line 7.
Package epstopdf Info: Output file is already uptodate.
<LogoGundar-eps-converted-to.pdf, id=318, 201.75375pt x 205.76875pt>
File: LogoGundar-eps-converted-to.pdf Graphic file (type pdf)
<use LogoGundar-eps-converted-to.pdf>
Package pdftex.def Info: LogoGundar-eps-converted-to.pdf  used on input line 7.

(pdftex.def)             Requested size: 121.05318pt x 123.46219pt.
LaTeX Font Info:    Trying to load font information for OT1+lmr on input line 2
7.

(C:\Program Files\MiKTeX\tex/latex/lm\ot1lmr.fd
File: ot1lmr.fd 2015/05/01 v1.6.1 Font defs for Latin Modern
)
LaTeX Font Info:    Trying to load font information for OML+lmm on input line 2
7.

(C:\Program Files\MiKTeX\tex/latex/lm\omllmm.fd
File: omllmm.fd 2015/05/01 v1.6.1 Font defs for Latin Modern
)
LaTeX Font Info:    Trying to load font information for OMS+lmsy on input line 
27.

(C:\Program Files\MiKTeX\tex/latex/lm\omslmsy.fd
File: omslmsy.fd 2015/05/01 v1.6.1 Font defs for Latin Modern
)
LaTeX Font Info:    Trying to load font information for OMX+lmex on input line 
27.

(C:\Program Files\MiKTeX\tex/latex/lm\omxlmex.fd
File: omxlmex.fd 2015/05/01 v1.6.1 Font defs for Latin Modern
)
LaTeX Font Info:    External font `lmex10' loaded for size
(Font)              <14.4> on input line 27.
LaTeX Font Info:    External font `lmex10' loaded for size
(Font)              <10> on input line 27.
LaTeX Font Info:    External font `lmex10' loaded for size
(Font)              <7> on input line 27.
LaTeX Font Info:    Trying to load font information for U+msa on input line 27.


(C:\Program Files\MiKTeX\tex/latex/amsfonts\umsa.fd
File: umsa.fd 2013/01/14 v3.01 AMS symbols A
)
LaTeX Font Info:    Trying to load font information for U+msb on input line 27.


(C:\Program Files\MiKTeX\tex/latex/amsfonts\umsb.fd
File: umsb.fd 2013/01/14 v3.01 AMS symbols B
)) [1


{C:/Users/Faiz_Authar/AppData/Local/MiKTeX/fonts/map/pdftex/pdftex.map}{C:/Prog
ram Files/MiKTeX/fonts/enc/dvips/lm/lm-ec.enc} <./LogoGundar-eps-converted-to.p
df>]
\openout2 = `cover_judul.aux'.

 (cover_judul.tex
Package epstopdf Info: Source file: <LogoGundar.eps>
(epstopdf)                    date: 2020-07-27 21:36:06
(epstopdf)                    size: 102448 bytes
(epstopdf)             Output file: <LogoGundar-eps-converted-to.pdf>
(epstopdf)                    date: 2020-07-27 21:36:10
(epstopdf)                    size: 11256 bytes
(epstopdf)             Command: <miktex-epstopdf --outfile=LogoGundar-eps-conve
rted-to.pdf LogoGundar.eps>
(epstopdf)             \includegraphics on input line 8.
Package epstopdf Info: Output file is already uptodate.
File: LogoGundar-eps-converted-to.pdf Graphic file (type pdf)
<use LogoGundar-eps-converted-to.pdf>
Package pdftex.def Info: LogoGundar-eps-converted-to.pdf  used on input line 8.

(pdftex.def)             Requested size: 121.05318pt x 123.46219pt.
)
[2



]
\openout2 = `Lembar_Pengesahan.aux'.

 (Lembar_Pengesahan.tex) [3



]
\openout2 = `Lembar_Penguji.aux'.

 (Lembar_Penguji.tex
LaTeX Font Info:    External font `lmex10' loaded for size
(Font)              <12> on input line 4.
LaTeX Font Info:    External font `lmex10' loaded for size
(Font)              <8> on input line 4.
LaTeX Font Info:    External font `lmex10' loaded for size
(Font)              <6> on input line 4.

Underfull \hbox (badness 10000) in paragraph at lines 24--25
[]|\T1/lmr/m/n/12 Doktor Det-ty Pur-na-masari, S.Kom., M.M.S.I.,
 []


Overfull \hbox (26.11641pt too wide) in paragraph at lines 4--28
[] [] 
 []

) [4



]
\openout2 = `originalitas.aux'.

 (originalitas.tex
Underfull \hbox (badness 10000) in paragraph at lines 15--16
[]|\T1/lmr/m/n/12 PENGEMBANGAN ME-TODE DE-TEK-SI DAN
 []


Underfull \hbox (badness 10000) in paragraph at lines 15--16
\T1/lmr/m/n/12 ME-TODE \T1/lmr/m/it/12 OBJECT-BASED IM-AGE ANAL-Y-SIS
 []

) [5



]
\openout2 = `abstrak.aux'.

 (abstrak.tex [6



]
Underfull \hbox (badness 10000) in paragraph at lines 21--22

 []

) [7]
\openout2 = `abstract.aux'.

 (abstract.tex
Underfull \hbox (badness 10000) in paragraph at lines 23--24

 []

[8



]) [9]
\openout2 = `katapengantar.aux'.

 (katapengantar.tex [10



]
Overfull \hbox (11.50027pt too wide) in paragraph at lines 31--32
\T1/lmr/m/n/12 Gu-nadar-ma Ibu Dok-tor Diny Wahyu-ni, Ibu Dok-tor Reni Di-ah Ku
sumawati,
 []

[11]) [12]
\openout2 = `daftaristilah.aux'.

 (daftaristilah.tex [13



{C:/Program Files/MiKTeX/fonts/enc/dvips/lm/lm-mathit.enc}{C:/Program Files/MiK
TeX/fonts/enc/dvips/lm/lm-rm.enc}{C:/Program Files/MiKTeX/fonts/enc/dvips/lm/lm
-mathsy.enc}]) [14] (MainTemplateDisertasi.toc [15



] [16] [17])
\tf@toc=\write6
\openout6 = `MainTemplateDisertasi.toc'.

 [18] (MainTemplateDisertasi.lot
Overfull \hbox (4.74068pt too wide) in paragraph at lines 5--5
 \T1/lmr/m/n/12 ruh dunia ATSC, DTMB, DVB-T/DVB-T2, dan ISDB-T ([][]DTVs- 
 []

)
\tf@lot=\write7
\openout7 = `MainTemplateDisertasi.lot'.

 [19

] (MainTemplateDisertasi.lof
Overfull \hbox (3.26926pt too wide) in paragraph at lines 15--15
 [][] [][][]\T1/lmr/m/n/12 Struktur otak manu-sia den-gan ke-mam-puan op-era-si
on-al (SANDY 
 []

[20

] [21]
Overfull \hbox (4.41763pt too wide) in paragraph at lines 39--39
 [][] [][][]\T1/lmr/m/n/12 Pengukuran keku-atan sinyal meng-gu-nakan \T1/lmr/m/
it/12 sig-nal an-a-lyz-er, TinySA[][] [][]  
 []


Overfull \hbox (2.88205pt too wide) in paragraph at lines 41--41
 [][] [][][]\T1/lmr/m/n/12 Fitur me-lakukan pereka-man video siaran DVB-T2 meng
-gu-nakan 
 []


Overfull \hbox (2.75925pt too wide) in paragraph at lines 42--42
 [][] [][][]\T1/lmr/m/n/12 Jarak sta-si-un pe-man-car ter-hadap lokasi pengam-b
i-lan da-ta siaran 
 []


Overfull \hbox (1.1286pt too wide) in paragraph at lines 49--49
 [][] [][][]\T1/lmr/m/n/12 Contoh pe-ngu-kur-an metrik obyek-tif tem-po-ral pa-
da video \T1/lmr/m/it/12 dataset 
 []


Overfull \hbox (1.1286pt too wide) in paragraph at lines 50--50
 [][] [][][]\T1/lmr/m/n/12 Contoh pe-ngu-kur-an metrik obyek-tif tem-po-ral pa-
da video \T1/lmr/m/it/12 dataset 
 []


Overfull \hbox (10.43225pt too wide) in paragraph at lines 51--51
 [][] [][][]\T1/lmr/m/n/12 Tampilan ap-likasi pe-ngu-kur-an sub-yek-tif kual-i-
tas ci-tra video siaran 
 []

[22])
\tf@lof=\write8
\openout8 = `MainTemplateDisertasi.lof'.

 [23] (MainTemplateDisertasi.loa)
\tf@loa=\write9
\openout9 = `MainTemplateDisertasi.loa'.

 [24

]

Package Fancyhdr Warning: \fancyhead's `E' option without twoside option is use
less on input line 338.

(bab1/Bab1_Pendahuluan.tex
BAB I\bfseries .
[1

]
Overfull \hbox (1.12267pt too wide) in paragraph at lines 10--11
[]\T1/lmr/m/n/12 Dalam meng-hasilkan pro-duk-si ke-la-pa saw-it yang baik, ma-k
a dibu-tuhkan
 []


Overfull \hbox (1.81969pt too wide) in paragraph at lines 14--15
[]\T1/lmr/m/n/12 Kelapa saw-it yang memi-li-ki na-ma ilmi-ah (\T1/lmr/m/it/12 E
laeis guineen-sis Jacq.\T1/lmr/m/n/12 ) meru-
 []


Package Fancyhdr Warning: \headheight is too small (12.0pt): 
 Make it at least 14.49998pt.
 We now make it that large for the rest of the document.
 This may cause the page layout to be inconsistent, however.

[2] [3] [4]
<bab1/Gambar/Picture1.png, id=805, 213.04594pt x 214.55156pt>
File: bab1/Gambar/Picture1.png Graphic file (type png)
<use bab1/Gambar/Picture1.png>
Package pdftex.def Info: bab1/Gambar/Picture1.png  used on input line 43.
(pdftex.def)             Requested size: 199.1693pt x 200.5883pt.
 [5 <./bab1/Gambar/Picture1.png>]
<bab1/Gambar/Picture2.jpg, id=813, 176.15813pt x 216.05719pt>
File: bab1/Gambar/Picture2.jpg Graphic file (type jpg)
<use bab1/Gambar/Picture2.jpg>
Package pdftex.def Info: bab1/Gambar/Picture2.jpg  used on input line 58.
(pdftex.def)             Requested size: 199.1693pt x 244.28021pt.
<bab1/Gambar/Picture3.png, id=815, 399.74344pt x 145.29282pt>
File: bab1/Gambar/Picture3.png Graphic file (type png)
<use bab1/Gambar/Picture3.png>
Package pdftex.def Info: bab1/Gambar/Picture3.png  used on input line 73.
(pdftex.def)             Requested size: 398.3386pt x 144.78918pt.
 [6 <./bab1/Gambar/Picture2.jpg>]
<bab1/Gambar/Picture4.png, id=821, 396.609pt x 217.248pt>
File: bab1/Gambar/Picture4.png Graphic file (type png)
<use bab1/Gambar/Picture4.png>
Package pdftex.def Info: bab1/Gambar/Picture4.png  used on input line 88.
(pdftex.def)             Requested size: 398.3386pt x 218.20216pt.

[7 <./bab1/Gambar/Picture3.png> <./bab1/Gambar/Picture4.png>] [8]
Overfull \hbox (4.97964pt too wide) in paragraph at lines 104--105
\T1/lmr/m/n/12 berev-o-lusi un-tuk men-ganal-i-sis gam-bar res-o-lusi ting-gi d
en-gan cepat (T. Blaschke,
 []

[9] [10] [11] [12] [13]
Overfull \hbox (0.81874pt too wide) in paragraph at lines 133--134
[]\T1/lmr/m/n/12 Bagaimana men-da-p-atkan mod-el CNN yang baik dari al-go-rit-m
a YOLOv5,
 []

[14] [15] [16]) (bab2/Bab2_TinjauanPustaka.tex [17]
BAB II\bfseries .
<bab2/Gambar/SANDY. dasar telkom.png, id=888, 570.33075pt x 187.29974pt>
File: bab2/Gambar/SANDY. dasar telkom.png Graphic file (type png)
<use bab2/Gambar/SANDY. dasar telkom.png>
Package pdftex.def Info: bab2/Gambar/SANDY. dasar telkom.png  used on input lin
e 15.
(pdftex.def)             Requested size: 358.50229pt x 117.73651pt.
[18

 <./bab2/Gambar/SANDY. dasar telkom.png>] [19]

Package natbib Warning: Citation `Baek_2008' on page 20 undefined on input line
 37.


Overfull \hbox (12.30742pt too wide) in paragraph at lines 37--38
[]\T1/lmr/m/it/12 Digital Ter-res-tri-al Mul-ti-me-dia Broad-cast-ing \T1/lmr/m
/n/12 (DTMB) men-gadop-si teknolo-
 []

<bab2/Gambar/Sistem penyiaran digital untuk televisi terestrial.jpg, id=922, 58
1.17125pt x 407.121pt>
File: bab2/Gambar/Sistem penyiaran digital untuk televisi terestrial.jpg Graphi
c file (type jpg)
<use bab2/Gambar/Sistem penyiaran digital untuk televisi terestrial.jpg>
Package pdftex.def Info: bab2/Gambar/Sistem penyiaran digital untuk televisi te
restrial.jpg  used on input line 44.
(pdftex.def)             Requested size: 398.3386pt x 279.04393pt.
[20]
Underfull \hbox (badness 10000) in paragraph at lines 63--63
[]|\T1/lmr/m/n/12 DVB-T/DVB-
 []


Underfull \hbox (badness 10000) in paragraph at lines 65--65
[]|\T1/lmr/m/n/12 DVB-T/DVB-
 []


Underfull \hbox (badness 10000) in paragraph at lines 67--67
[]|\T1/lmr/m/n/12 DVB-T/DVB-
 []


Underfull \hbox (badness 10000) in paragraph at lines 75--75
[]|\T1/lmr/m/n/12 ATSC tri-al
 []


Underfull \hbox (badness 10000) in paragraph at lines 81--81
[]|\T1/lmr/m/n/12 ISDB-T tri-al
 []


Underfull \hbox (badness 10000) in paragraph at lines 85--85
[]|\T1/lmr/m/n/12 SBTVD-T
 []


Underfull \hbox (badness 10000) in paragraph at lines 91--91
[]|\T1/lmr/m/n/12 DTMB tri-al
 []


Underfull \hbox (badness 10000) in paragraph at lines 93--93
[]|\T1/lmr/m/n/12 Commercial
 []

[21 <./bab2/Gambar/Sistem penyiaran digital untuk televisi terestrial.jpg>]
Overfull \hbox (1.00414pt too wide) in paragraph at lines 101--103
 \T1/lmr/m/n/12 Proyek \T1/lmr/m/it/12 Dig-i-tal Video Broad-cast-ing \T1/lmr/m
/n/12 (DVB), meru-pakan su-atu badan yang
 []


Overfull \hbox (7.74709pt too wide) in paragraph at lines 101--103
\T1/lmr/m/n/12 bertang-gung jawab un-tuk mem-bu-at spe-si-fikasi DVB dan se-car
a res-mi diresmikan
 []

[22]
Underfull \hbox (badness 10000) in paragraph at lines 129--129
[]|\T1/lmr/m/n/12 Input In-
 []


Underfull \hbox (badness 1668) in paragraph at lines 129--129
[]|\T1/lmr/m/n/12 Multiple Trans-
 []


Underfull \hbox (badness 2384) in paragraph at lines 129--129
\T1/lmr/m/n/12 Gener-ic Stream
 []


Underfull \hbox (badness 10000) in paragraph at lines 129--129
\T1/lmr/m/n/12 En-cap-su-la-tion
 []


Underfull \hbox (badness 1668) in paragraph at lines 129--129
[]|\T1/lmr/m/n/12 Multiple Trans-
 []


Underfull \hbox (badness 2384) in paragraph at lines 129--129
\T1/lmr/m/n/12 Gener-ic Stream
 []


Underfull \hbox (badness 10000) in paragraph at lines 129--129
\T1/lmr/m/n/12 En-cap-su-la-tion
 []


Underfull \hbox (badness 1668) in paragraph at lines 129--129
[]|\T1/lmr/m/n/12 Multiple Trans-
 []


Underfull \hbox (badness 2384) in paragraph at lines 129--129
\T1/lmr/m/n/12 Gener-ic Stream
 []


Underfull \hbox (badness 10000) in paragraph at lines 129--129
\T1/lmr/m/n/12 En-cap-su-la-tion
 []


Underfull \hbox (badness 2790) in paragraph at lines 130--130
[]|\T1/lmr/m/n/12 1/2, 3/5, 2/3,
 []


Underfull \hbox (badness 2790) in paragraph at lines 130--130
[]|\T1/lmr/m/n/12 1/2, 2/3, 3/4,
 []


Underfull \hbox (badness 2790) in paragraph at lines 130--130
\T1/lmr/m/n/12 4/5, 5/6, 8/9,
 []


Underfull \hbox (badness 2790) in paragraph at lines 130--130
[]|\T1/lmr/m/n/12 1/4, 1/3, 2/5,
 []


Underfull \hbox (badness 2790) in paragraph at lines 130--130
\T1/lmr/m/n/12 1/2, 3/5, 2/3,
 []


Underfull \hbox (badness 2790) in paragraph at lines 130--130
\T1/lmr/m/n/12 3/4, 4/5, 5/6,
 []


Overfull \hbox (3.79875pt too wide) in paragraph at lines 131--131
[]|\T1/lmr/m/n/12 Interleaving| 
 []


Overfull \hbox (2.49411pt too wide) in paragraph at lines 132--132
[]|\T1/lmr/m/n/12 Modulation
 []


Underfull \hbox (badness 10000) in paragraph at lines 132--132
\T1/lmr/m/n/12 64QAM,
 []


Underfull \hbox (badness 10000) in paragraph at lines 132--132
[]|\T1/lmr/m/n/12 16QAM to
 []


Underfull \hbox (badness 10000) in paragraph at lines 132--132
[]|\T1/lmr/m/n/12 QPSK to 8-
 []


Overfull \hbox (2.49411pt too wide) in paragraph at lines 133--133
[]|\T1/lmr/m/n/12 Modulation| 
 []


Underfull \hbox (badness 2318) in paragraph at lines 134--134
[]|\T1/lmr/m/n/12 Guard In-
 []


Underfull \hbox (badness 10000) in paragraph at lines 134--134
[]|\T1/lmr/m/n/12 1/4, 19/256,
 []


Underfull \hbox (badness 10000) in paragraph at lines 134--134
\T1/lmr/m/n/12 1/8, 9/128,
 []


Underfull \hbox (badness 10000) in paragraph at lines 134--134
\T1/lmr/m/n/12 1/16, 1/32,
 []


Underfull \hbox (badness 10000) in paragraph at lines 136--136
\T1/lmr/m/n/12 con-tin-u-al, P2,
 []


Underfull \hbox (badness 10000) in paragraph at lines 136--136
\T1/lmr/m/n/12 con-tin-u-al, P2,
 []

[23] [24]
<bab2/Gambar/Sistem pemancar DVB-T2.jpg, id=973, 360.59718pt x 89.58469pt>
File: bab2/Gambar/Sistem pemancar DVB-T2.jpg Graphic file (type jpg)
<use bab2/Gambar/Sistem pemancar DVB-T2.jpg>
Package pdftex.def Info: bab2/Gambar/Sistem pemancar DVB-T2.jpg  used on input 
line 151.
(pdftex.def)             Requested size: 358.50229pt x 89.06364pt.

Underfull \hbox (badness 10000) in paragraph at lines 168--168
[]|\T1/lmr/m/n/12 Input In-
 []


Underfull \hbox (badness 7081) in paragraph at lines 168--168
[]|\T1/lmr/m/n/12 Single Trans-port Stream
 []


Underfull \hbox (badness 8056) in paragraph at lines 169--169
[]|\T1/lmr/m/n/12 Convolutional Cod-ing +
 []


Underfull \hbox (badness 3557) in paragraph at lines 169--169
\T1/lmr/m/n/12 Reed-Solomon, 1/2, 2/3,
 []


Overfull \hbox (2.49411pt too wide) in paragraph at lines 170--170
[]|\T1/lmr/m/n/12 Modulation
 []


Underfull \hbox (badness 2158) in paragraph at lines 170--170
[]|\T1/lmr/m/n/12 QPSK, 16QAM, 64QAM,
 []


Underfull \hbox (badness 2318) in paragraph at lines 171--171
[]|\T1/lmr/m/n/12 Guard In-
 []


Underfull \hbox (badness 10000) in paragraph at lines 172--172
[]|\T1/lmr/m/n/12 IFFT
 []

[25 <./bab2/Gambar/Sistem pemancar DVB-T2.jpg>] [26]
Overfull \hbox (11.3893pt too wide) in paragraph at lines 263--264
[]\T1/lmr/m/n/12 Berikutnya \T1/lmr/m/it/12 Pre-dict-ed frame (P-frame)\T1/lmr/
m/n/12 , di-enkodekan dari gam-bar dipredik-
 []

[27]
<bab2/Gambar/H.264 AVC Struktur GOP.jpg, id=1011, 354.57469pt x 154.32657pt>
File: bab2/Gambar/H.264 AVC Struktur GOP.jpg Graphic file (type jpg)
<use bab2/Gambar/H.264 AVC Struktur GOP.jpg>
Package pdftex.def Info: bab2/Gambar/H.264 AVC Struktur GOP.jpg  used on input 
line 270.
(pdftex.def)             Requested size: 358.50229pt x 156.04048pt.
 [28 <./bab2/Gambar/H.264 AVC Struktur GOP.jpg>] [29]
Underfull \hbox (badness 10000) in paragraph at lines 298--302

 []


Overfull \hbox (0.16339pt too wide) in paragraph at lines 304--305
 \T1/lmr/m/n/12 Keku-atan sinyal atau \T1/lmr/m/it/12 sig-nal strength \T1/lmr/
m/n/12 be-rar-ti uku-ran se-ber-a-pa ku-at sinyal
 []

[30]
LaTeX Font Info:    Trying to load font information for TS1+lmr on input line 3
07.
 (C:\Program Files\MiKTeX\tex/latex/lm\ts1lmr.fd
File: ts1lmr.fd 2015/05/01 v1.6.1 Font defs for Latin Modern
)
Underfull \hbox (badness 10000) in paragraph at lines 320--324

 []

[31{C:/Program Files/MiKTeX/fonts/enc/dvips/lm/lm-ts1.enc}{C:/Program Files/MiK
TeX/fonts/enc/dvips/lm/lm-mathex.enc}] [32]
<bab2/Gambar/Contoh gambar dari Basis Data.jpg, id=1102, 526.96875pt x 410.7345
pt>
File: bab2/Gambar/Contoh gambar dari Basis Data.jpg Graphic file (type jpg)
<use bab2/Gambar/Contoh gambar dari Basis Data.jpg>
Package pdftex.def Info: bab2/Gambar/Contoh gambar dari Basis Data.jpg  used on
 input line 337.
(pdftex.def)             Requested size: 358.50229pt x 279.43991pt.
 [33] [34 <./bab2/Gambar/Contoh gambar dari Basis Data.jpg>]
Overfull \hbox (1.44212pt too wide) in paragraph at lines 358--359
\T1/lmr/m/n/12 kuan-ti-sasi kasar kom-po-nen frekuen-si. Arte-fak ini da-p-at d
ia-mati se-ba-gai diskon-
 []

[35]
<bab2/Gambar/Contoh gambar asli Lena dan versi terdistorsinya dengan artefak pe
mblokiran.jpg, id=1135, 346.896pt x 163.20975pt>
File: bab2/Gambar/Contoh gambar asli Lena dan versi terdistorsinya dengan artef
ak pemblokiran.jpg Graphic file (type jpg)
<use bab2/Gambar/Contoh gambar asli Lena dan versi terdistorsinya dengan artefa
k pemblokiran.jpg>
Package pdftex.def Info: bab2/Gambar/Contoh gambar asli Lena dan versi terdisto
rsinya dengan artefak pemblokiran.jpg  used on input line 365.
(pdftex.def)             Requested size: 358.50229pt x 168.67819pt.
 [36 <./bab2/Gambar/Contoh gambar asli Lena dan versi terdistorsinya dengan art
efak pemblokiran.jpg>]
<bab2/Gambar/Contoh video yang terganggu oleh pembekuan frame temporal. Setiap 
huruf yang berbeda mewakili frame yang unik.jpg, id=1148, 365.56575pt x 48.7822
6pt>
File: bab2/Gambar/Contoh video yang terganggu oleh pembekuan frame temporal. Se
tiap huruf yang berbeda mewakili frame yang unik.jpg Graphic file (type jpg)
<use bab2/Gambar/Contoh video yang terganggu oleh pembekuan frame temporal. Set
iap huruf yang berbeda mewakili frame yang unik.jpg>
Package pdftex.def Info: bab2/Gambar/Contoh video yang terganggu oleh pembekuan
 frame temporal. Setiap huruf yang berbeda mewakili frame yang unik.jpg  used o
n input line 396.
(pdftex.def)             Requested size: 358.50229pt x 47.83975pt.
 [37] [38 <./bab2/Gambar/Contoh video yang terganggu oleh pembekuan frame tempo
ral. Setiap huruf yang berbeda mewakili frame yang unik.jpg>]
<bab2/Gambar/Struktur otak manusia dengan kemampuan operasional.jpg, id=1165, 3
37.86224pt x 152.36925pt>
File: bab2/Gambar/Struktur otak manusia dengan kemampuan operasional.jpg Graphi
c file (type jpg)
<use bab2/Gambar/Struktur otak manusia dengan kemampuan operasional.jpg>
Package pdftex.def Info: bab2/Gambar/Struktur otak manusia dengan kemampuan ope
rasional.jpg  used on input line 416.
(pdftex.def)             Requested size: 358.50229pt x 161.685pt.
 [39]
Overfull \hbox (4.55907pt too wide) in paragraph at lines 433--434
\T1/lmr/m/n/12 ka peng-gu-na mem-biarkan neu-ron berpikir ten-tang situ-asi bar
u den-gan mengiku-
 []

[40 <./bab2/Gambar/Struktur otak manusia dengan kemampuan operasional.jpg>]
Underfull \hbox (badness 10000) in paragraph at lines 441--446

 []

<bab2/Gambar/Fungsi Sigmoid.jpg, id=1180, 498.06075pt x 320.99925pt>
File: bab2/Gambar/Fungsi Sigmoid.jpg Graphic file (type jpg)
<use bab2/Gambar/Fungsi Sigmoid.jpg>
Package pdftex.def Info: bab2/Gambar/Fungsi Sigmoid.jpg  used on input line 469
.
(pdftex.def)             Requested size: 358.50229pt x 231.0654pt.
[41]
Underfull \hbox (badness 10000) in paragraph at lines 486--490

 []

<bab2/Gambar/Langkah training ANN.jpg, id=1190, 242.1045pt x 133.6995pt>
File: bab2/Gambar/Langkah training ANN.jpg Graphic file (type jpg)
<use bab2/Gambar/Langkah training ANN.jpg>
Package pdftex.def Info: bab2/Gambar/Langkah training ANN.jpg  used on input li
ne 496.
(pdftex.def)             Requested size: 358.50229pt x 197.98637pt.
[42 <./bab2/Gambar/Fungsi Sigmoid.jpg>] [43 <./bab2/Gambar/Langkah training ANN
.jpg>]
<bab2/Gambar/tvheadend.png, id=1209, 1927.2pt x 1084.05pt>
File: bab2/Gambar/tvheadend.png Graphic file (type png)
<use bab2/Gambar/tvheadend.png>
Package pdftex.def Info: bab2/Gambar/tvheadend.png  used on input line 538.
(pdftex.def)             Requested size: 398.3386pt x 224.05122pt.
 [44]
Overfull \hbox (3.49345pt too wide) in paragraph at lines 550--552
\T1/lmr/m/n/12 ni-lai. Pe-do-man ini dikem-bangkan oleh In-ter-na-tion-al Telec
om-mu-ni-ca-tion Union-
 []

[45 <./bab2/Gambar/tvheadend.png>] [46] [47] [48] [49])
(bab3/Bab3_Metodologi.tex [50]
BAB III\bfseries .
[51

]
<bab3/Gambar/tahapan-penelitian2-1.png, id=1265, 693.59125pt x 673.51625pt>
File: bab3/Gambar/tahapan-penelitian2-1.png Graphic file (type png)
<use bab3/Gambar/tahapan-penelitian2-1.png>
Package pdftex.def Info: bab3/Gambar/tahapan-penelitian2-1.png  used on input l
ine 17.
(pdftex.def)             Requested size: 398.3386pt x 386.81665pt.
 [52 <./bab3/Gambar/tahapan-penelitian2-1.png>] [53]
<bab3/Gambar/gambar-tvriw.png, id=1276, 886.31125pt x 510.90875pt>
File: bab3/Gambar/gambar-tvriw.png Graphic file (type png)
<use bab3/Gambar/gambar-tvriw.png>
Package pdftex.def Info: bab3/Gambar/gambar-tvriw.png  used on input line 42.
(pdftex.def)             Requested size: 398.3386pt x 229.62616pt.
 [54 <./bab3/Gambar/gambar-tvriw.png>]
Overfull \hbox (8.97258pt too wide) in paragraph at lines 59--60
\T1/lmr/m/n/12 ber-ry pi TV HAT \T1/lmr/m/it/12 (Hard-ware At-tach on Top) \T1/
lmr/m/n/12 den-gan Tuner Sony CXD2880,
 []

[55]
<bab3/Gambar/fokus-penelitian.png, id=1288, 804.00375pt x 412.54124pt>
File: bab3/Gambar/fokus-penelitian.png Graphic file (type png)
<use bab3/Gambar/fokus-penelitian.png>
Package pdftex.def Info: bab3/Gambar/fokus-penelitian.png  used on input line 8
7.
(pdftex.def)             Requested size: 398.3386pt x 204.38794pt.
 [56 <./bab3/Gambar/fokus-penelitian.png>]
<bab3/Gambar/rancangan-sistem.png, id=1295, 1098.1025pt x 377.41pt>
File: bab3/Gambar/rancangan-sistem.png Graphic file (type png)
<use bab3/Gambar/rancangan-sistem.png>
Package pdftex.def Info: bab3/Gambar/rancangan-sistem.png  used on input line 1
07.
(pdftex.def)             Requested size: 398.3386pt x 136.90407pt.
 [57 <./bab3/Gambar/rancangan-sistem.png>] [58]
<bab3/Gambar/gambar-blocking.png, id=1306, 875.27pt x 343.2825pt>
File: bab3/Gambar/gambar-blocking.png Graphic file (type png)
<use bab3/Gambar/gambar-blocking.png>
Package pdftex.def Info: bab3/Gambar/gambar-blocking.png  used on input line 13
7.
(pdftex.def)             Requested size: 398.3386pt x 156.23044pt.
 [59 <./bab3/Gambar/gambar-blocking.png>] [60] [61]
<bab3/Gambar/lena-blur.png, id=1333, 964.60374pt x 638.385pt>
File: bab3/Gambar/lena-blur.png Graphic file (type png)
<use bab3/Gambar/lena-blur.png>
Package pdftex.def Info: bab3/Gambar/lena-blur.png  used on input line 226.
(pdftex.def)             Requested size: 318.67209pt x 210.90147pt.
 [62] [63 <./bab3/Gambar/lena-blur.png>]
<bab3/Gambar/lenna-edge.png, id=1355, 698.61pt x 685.56125pt>
File: bab3/Gambar/lenna-edge.png Graphic file (type png)
<use bab3/Gambar/lenna-edge.png>
Package pdftex.def Info: bab3/Gambar/lenna-edge.png  used on input line 263.
(pdftex.def)             Requested size: 318.67209pt x 312.72588pt.
 [64 <./bab3/Gambar/lenna-edge.png>]

LaTeX Warning: Reference `diagram-blur' on page 65 undefined on input line 273.


<bab3/Gambar/algoritma-blur.png, id=1363, 560.0925pt x 783.92876pt>
File: bab3/Gambar/algoritma-blur.png Graphic file (type png)
<use bab3/Gambar/algoritma-blur.png>
Package pdftex.def Info: bab3/Gambar/algoritma-blur.png  used on input line 280
.
(pdftex.def)             Requested size: 239.00558pt x 334.52298pt.
[65 <./bab3/Gambar/algoritma-blur.png>]
Underfull \hbox (badness 10000) in paragraph at lines 314--325

 []

[66] [67] [68] [69] [70] [71] [72]
<bab3/Gambar/structure-tes.png, id=1432, 529.98pt x 173.64874pt>
File: bab3/Gambar/structure-tes.png Graphic file (type png)
<use bab3/Gambar/structure-tes.png>
Package pdftex.def Info: bab3/Gambar/structure-tes.png  used on input line 439.

(pdftex.def)             Requested size: 398.3386pt x 130.51709pt.
 [73 <./bab3/Gambar/structure-tes.png>]
<bab3/Gambar/midgrey-time.png, id=1440, 1138.2525pt x 334.24875pt>
File: bab3/Gambar/midgrey-time.png Graphic file (type png)
<use bab3/Gambar/midgrey-time.png>
Package pdftex.def Info: bab3/Gambar/midgrey-time.png  used on input line 456.
(pdftex.def)             Requested size: 398.3386pt x 116.97351pt.

[74 <./bab3/Gambar/midgrey-time.png>]
Overfull \hbox (2.01212pt too wide) in paragraph at lines 487--488
\T1/lmr/m/n/12 menya-jikan hasil pen-gu-jian, se-mua skor rata-rata harus memi-
li-ki in-ter-val keper-
 []

[75]
<bab3/Gambar/single_stimulus.png, id=1457, 963.6pt x 542.025pt>
File: bab3/Gambar/single_stimulus.png Graphic file (type png)
<use bab3/Gambar/single_stimulus.png>
Package pdftex.def Info: bab3/Gambar/single_stimulus.png  used on input line 52
4.
(pdftex.def)             Requested size: 398.3386pt x 224.0595pt.
 [76] [77 <./bab3/Gambar/single_stimulus.png>]
<bab3/Gambar/tahap-nn.png, id=1468, 954.56625pt x 422.57875pt>
File: bab3/Gambar/tahap-nn.png Graphic file (type png)
<use bab3/Gambar/tahap-nn.png>
Package pdftex.def Info: bab3/Gambar/tahap-nn.png  used on input line 546.
(pdftex.def)             Requested size: 398.3386pt x 176.34056pt.

Overfull \hbox (4.80988pt too wide) in paragraph at lines 554--555
[]\T1/lmr/m/n/12 Setelah ar-sitek-tur dan pa-ram-e-ter di-ten-tukan, langkah se
-lan-jut-nya adalah
 []


Overfull \hbox (4.65054pt too wide) in paragraph at lines 557--558
[]\T1/lmr/m/n/12 Menentukan ma-sukan (in-put) dan kelu-aran (out-put) dari mod-
el: Langkah
 []

[78 <./bab3/Gambar/tahap-nn.png>]
Overfull \hbox (8.6598pt too wide) in paragraph at lines 565--566
[]\T1/lmr/m/n/12 Mengatur hy-per-pa-ram-e-ter: Hy-per-pa-ram-e-ter adalah pa-ra
m-e-ter yang diatur
 []

<bab3/Gambar/langkah-model.png, id=1479, 994.71625pt x 270.00874pt>
File: bab3/Gambar/langkah-model.png Graphic file (type png)
<use bab3/Gambar/langkah-model.png>
Package pdftex.def Info: bab3/Gambar/langkah-model.png  used on input line 581.

(pdftex.def)             Requested size: 398.3386pt x 108.12517pt.
[79] [80 <./bab3/Gambar/langkah-model.png>]
<bab3/Gambar/mc-cm.png, id=1498, 618.31pt x 520.94624pt>
File: bab3/Gambar/mc-cm.png Graphic file (type png)
<use bab3/Gambar/mc-cm.png>
Package pdftex.def Info: bab3/Gambar/mc-cm.png  used on input line 615.
(pdftex.def)             Requested size: 199.1693pt x 167.80316pt.
 [81] [82 <./bab3/Gambar/mc-cm.png>] [83] [84] [85]
<bab3/Gambar/realtime-measurement.png, id=1543, 350.30875pt x 722.7pt>
File: bab3/Gambar/realtime-measurement.png Graphic file (type png)
<use bab3/Gambar/realtime-measurement.png>
Package pdftex.def Info: bab3/Gambar/realtime-measurement.png  used on input li
ne 750.
(pdftex.def)             Requested size: 239.00558pt x 493.08362pt.
 [86] [87 <./bab3/Gambar/realtime-measurement.png>]
<bab3/Gambar/pembuatan-web.png, id=1555, 482.80376pt x 309.155pt>
File: bab3/Gambar/pembuatan-web.png Graphic file (type png)
<use bab3/Gambar/pembuatan-web.png>
Package pdftex.def Info: bab3/Gambar/pembuatan-web.png  used on input line 771.

(pdftex.def)             Requested size: 318.67209pt x 204.06178pt.
 [88]
Overfull \hbox (10.38882pt too wide) in paragraph at lines 780--781
\T1/lmr/m/n/12 diper-lukan dalam ap-likasi. Anal-i-sis ke-bu-tuhan di-lakukan d
en-gan mengumpulkan
 []

[89 <./bab3/Gambar/pembuatan-web.png>]
Overfull \hbox (0.53424pt too wide) in paragraph at lines 786--787
\T1/lmr/m/n/12 Penerapan hasil pe-ngu-kur-an kual-i-tas gam-bar pa-da siaran DV
B-T2 di-ta-mpilkan
 []

<bab3/Gambar/web-arsitektur.png, id=1566, 522.95375pt x 363.3575pt>
File: bab3/Gambar/web-arsitektur.png Graphic file (type png)
<use bab3/Gambar/web-arsitektur.png>
Package pdftex.def Info: bab3/Gambar/web-arsitektur.png  used on input line 793
.
(pdftex.def)             Requested size: 318.67209pt x 221.42043pt.
[90 <./bab3/Gambar/web-arsitektur.png>]) (bab4/Bab4_HasilDiskusi.tex [91]
BAB IV\bfseries .
<bab4/Gambar/hardware-setup.png, id=1578, 627.216pt x 545.967pt>
File: bab4/Gambar/hardware-setup.png Graphic file (type png)
<use bab4/Gambar/hardware-setup.png>
Package pdftex.def Info: bab4/Gambar/hardware-setup.png  used on input line 17.

(pdftex.def)             Requested size: 358.50229pt x 312.07082pt.
[92

]
<bab4/Gambar/tiny-sa.png, id=1584, 603.25375pt x 461.725pt>
File: bab4/Gambar/tiny-sa.png Graphic file (type png)
<use bab4/Gambar/tiny-sa.png>
Package pdftex.def Info: bab4/Gambar/tiny-sa.png  used on input line 33.
(pdftex.def)             Requested size: 239.00558pt x 182.93243pt.
 [93 <./bab4/Gambar/hardware-setup.png>]
<bab4/Gambar/antenna-5000.png, id=1591, 503.7pt x 411.501pt>
File: bab4/Gambar/antenna-5000.png Graphic file (type png)
<use bab4/Gambar/antenna-5000.png>
Package pdftex.def Info: bab4/Gambar/antenna-5000.png  used on input line 49.
(pdftex.def)             Requested size: 239.00558pt x 195.2578pt.
 [94 <./bab4/Gambar/tiny-sa.png> <./bab4/Gambar/antenna-5000.png>]
<bab4/Gambar/tvheadend-record.png, id=1599, 1223.57124pt x 531.9875pt>
File: bab4/Gambar/tvheadend-record.png Graphic file (type png)
<use bab4/Gambar/tvheadend-record.png>
Package pdftex.def Info: bab4/Gambar/tvheadend-record.png  used on input line 6
5.
(pdftex.def)             Requested size: 398.3386pt x 173.18611pt.
 [95 <./bab4/Gambar/tvheadend-record.png>]
(C:\Program Files\MiKTeX\tex/latex/listings\lstlang1.sty
File: lstlang1.sty 2023/02/27 1.9 listings language file
)
Overfull \hbox (9.13466pt too wide) in paragraph at lines 102--110
 [][] 
 []

[96]
<bab4/Gambar/jarak-pemancar.png, id=1623, 746.79pt x 540.93pt>
File: bab4/Gambar/jarak-pemancar.png Graphic file (type png)
<use bab4/Gambar/jarak-pemancar.png>
Package pdftex.def Info: bab4/Gambar/jarak-pemancar.png  used on input line 119
.
(pdftex.def)             Requested size: 398.3386pt x 288.53215pt.
 [97 <./bab4/Gambar/jarak-pemancar.png>]
<bab4/Gambar/hires-img.png, id=1633, 1110.1475pt x 646.415pt>
File: bab4/Gambar/hires-img.png Graphic file (type png)
<use bab4/Gambar/hires-img.png>
Package pdftex.def Info: bab4/Gambar/hires-img.png  used on input line 144.
(pdftex.def)             Requested size: 398.3386pt x 231.93987pt.
 [98 <./bab4/Gambar/hires-img.png>]
Overfull \hbox (5.63506pt too wide) in paragraph at lines 176--178
  \T1/lmr/m/n/12 Pros-es pe-ngu-kur-an kual-i-tas video se-cara obyek-tif, di-g
u-nakan tiga metrik.
 []

[99]
Package hyperref Info: bookmark level for unknown algorithm defaults to 0 on in
put line 185.
 [100]
<bab4/Gambar/blok-score.png, id=1654, 895.345pt x 1083.04625pt>
File: bab4/Gambar/blok-score.png Graphic file (type png)
<use bab4/Gambar/blok-score.png>
Package pdftex.def Info: bab4/Gambar/blok-score.png  used on input line 216.
(pdftex.def)             Requested size: 318.67209pt x 385.48393pt.

Overfull \hbox (13.37103pt too wide) in paragraph at lines 225--226
\T1/lmr/m/n/12 siaran, sedan-gkan ci-tra pa-da bagian bawah meru-pakan ci-tra y
ang su-dah diberikan
 []

<bab4/Gambar/sample-blok.png, id=1656, 1170.3725pt x 1063.975pt>
File: bab4/Gambar/sample-blok.png Graphic file (type png)
<use bab4/Gambar/sample-blok.png>
Package pdftex.def Info: bab4/Gambar/sample-blok.png  used on input line 233.
(pdftex.def)             Requested size: 398.3386pt x 362.12012pt.
[101 <./bab4/Gambar/blok-score.png>] [102 <./bab4/Gambar/sample-blok.png>]
<bab4/Gambar/blur-score.png, id=1669, 895.345pt x 1080.035pt>
File: bab4/Gambar/blur-score.png Graphic file (type png)
<use bab4/Gambar/blur-score.png>
Package pdftex.def Info: bab4/Gambar/blur-score.png  used on input line 288.
(pdftex.def)             Requested size: 318.67209pt x 384.41216pt.

[103]
Overfull \vbox (14.80013pt too high) has occurred while \output is active []


[104 <./bab4/Gambar/blur-score.png>]
Overfull \hbox (13.37103pt too wide) in paragraph at lines 297--298
\T1/lmr/m/n/12 siaran, sedan-gkan ci-tra pa-da bagian bawah meru-pakan ci-tra y
ang su-dah diberikan
 []

<bab4/Gambar/sample-blur.png, id=1681, 1170.3725pt x 1063.975pt>
File: bab4/Gambar/sample-blur.png Graphic file (type png)
<use bab4/Gambar/sample-blur.png>
Package pdftex.def Info: bab4/Gambar/sample-blur.png  used on input line 304.
(pdftex.def)             Requested size: 398.3386pt x 362.12012pt.
[105 <./bab4/Gambar/sample-blur.png>] [106]
<bab4/Gambar/temporal-score.png, id=1692, 1170.3725pt x 689.57625pt>
File: bab4/Gambar/temporal-score.png Graphic file (type png)
<use bab4/Gambar/temporal-score.png>
Package pdftex.def Info: bab4/Gambar/temporal-score.png  used on input line 353
.
(pdftex.def)             Requested size: 398.3386pt x 234.69482pt.
 [107 <./bab4/Gambar/temporal-score.png>] [108]
<bab4/Gambar/sample-freeze4.png, id=1706, 1401.235pt x 1061.9675pt>
File: bab4/Gambar/sample-freeze4.png Graphic file (type png)
<use bab4/Gambar/sample-freeze4.png>
Package pdftex.def Info: bab4/Gambar/sample-freeze4.png  used on input line 401
.
(pdftex.def)             Requested size: 398.3386pt x 301.88608pt.
 [109 <./bab4/Gambar/sample-freeze4.png>]
<bab4/Gambar/sample-freeze3.png, id=1716, 1401.235pt x 1061.9675pt>
File: bab4/Gambar/sample-freeze3.png Graphic file (type png)
<use bab4/Gambar/sample-freeze3.png>
Package pdftex.def Info: bab4/Gambar/sample-freeze3.png  used on input line 446
.
(pdftex.def)             Requested size: 398.3386pt x 301.88608pt.
 [110]
Overfull \hbox (1.18335pt too wide) in paragraph at lines 458--460
\T1/lmr/m/n/12 pan se-lan-jut-nya akan di-gu-nakan un-tuk me-lakukan pe-ngu-kur
-an sub-yek-tif. Keti-
 []

[111 <./bab4/Gambar/sample-freeze3.png>] [112] [113]
<bab4/Gambar/aplikasi-tes.png, id=1737, 868.116pt x 542.025pt>
File: bab4/Gambar/aplikasi-tes.png Graphic file (type png)
<use bab4/Gambar/aplikasi-tes.png>
Package pdftex.def Info: bab4/Gambar/aplikasi-tes.png  used on input line 512.
(pdftex.def)             Requested size: 398.3386pt x 248.71422pt.
 [114]
<bab4/Gambar/aplikasi-admin.png, id=1744, 1798.72pt x 1124.2pt>
File: bab4/Gambar/aplikasi-admin.png Graphic file (type png)
<use bab4/Gambar/aplikasi-admin.png>
Package pdftex.def Info: bab4/Gambar/aplikasi-admin.png  used on input line 528
.
(pdftex.def)             Requested size: 398.3386pt x 248.95438pt.
 [115 <./bab4/Gambar/aplikasi-tes.png>]

LaTeX Warning: Reference `' on page 116 undefined on input line 541.


Overfull \hbox (9.91393pt too wide) in paragraph at lines 540--542
  \T1/lmr/m/n/12 Sete-lah da-ta pe-ni-la-ian sub-jek-tif terkumpul dari pan-eli
s, be-ber-a-pa langkah
 []

LaTeX Font Info:    External font `lmex10' loaded for size
(Font)              <9> on input line 552.
LaTeX Font Info:    External font `lmex10' loaded for size
(Font)              <5> on input line 552.
[116 <./bab4/Gambar/aplikasi-admin.png>]
<bab4/Gambar/sebaran-tes.png, id=1757, 947.54pt x 552.0625pt>
File: bab4/Gambar/sebaran-tes.png Graphic file (type png)
<use bab4/Gambar/sebaran-tes.png>
Package pdftex.def Info: bab4/Gambar/sebaran-tes.png  used on input line 593.
(pdftex.def)             Requested size: 398.3386pt x 232.08368pt.
 [117]
<bab4/Gambar/sort-tes.png, id=1763, 937.5025pt x 552.0625pt>
File: bab4/Gambar/sort-tes.png Graphic file (type png)
<use bab4/Gambar/sort-tes.png>
Package pdftex.def Info: bab4/Gambar/sort-tes.png  used on input line 607.
(pdftex.def)             Requested size: 398.3386pt x 234.56027pt.
<bab4/Gambar/var-tes.png, id=1764, 947.54pt x 552.0625pt>
File: bab4/Gambar/var-tes.png Graphic file (type png)
<use bab4/Gambar/var-tes.png>
Package pdftex.def Info: bab4/Gambar/var-tes.png  used on input line 621.
(pdftex.def)             Requested size: 398.3386pt x 232.08368pt.
 [118 <./bab4/Gambar/sebaran-tes.png> <./bab4/Gambar/sort-tes.png>] [119 <./bab
4/Gambar/var-tes.png>]
Overfull \hbox (2.79759pt too wide) in paragraph at lines 662--664
  \T1/lmr/m/n/12 Ter-da-p-at 100 dataset beru-pa skor dari pe-ngu-kur-an meng-g
u-nakan metrik
 []

[120]
<bab4/Gambar/mos-blok.png, id=1785, 947.54pt x 536.0025pt>
File: bab4/Gambar/mos-blok.png Graphic file (type png)
<use bab4/Gambar/mos-blok.png>
Package pdftex.def Info: bab4/Gambar/mos-blok.png  used on input line 715.
(pdftex.def)             Requested size: 398.3386pt x 225.33215pt.
<bab4/Gambar/mos-blur.png, id=1786, 947.54pt x 536.0025pt>
File: bab4/Gambar/mos-blur.png Graphic file (type png)
<use bab4/Gambar/mos-blur.png>
Package pdftex.def Info: bab4/Gambar/mos-blur.png  used on input line 717.
(pdftex.def)             Requested size: 398.3386pt x 225.33215pt.

Overfull \hbox (12.0pt too wide) in paragraph at lines 714--720
 [] 
 []

[121]
<bab4/Gambar/mos-temp.png, id=1792, 947.54pt x 536.0025pt>
File: bab4/Gambar/mos-temp.png Graphic file (type png)
<use bab4/Gambar/mos-temp.png>
Package pdftex.def Info: bab4/Gambar/mos-temp.png  used on input line 732.
(pdftex.def)             Requested size: 398.3386pt x 225.33215pt.
<bab4/Gambar/mos-grad.png, id=1793, 947.54pt x 536.0025pt>
File: bab4/Gambar/mos-grad.png Graphic file (type png)
<use bab4/Gambar/mos-grad.png>
Package pdftex.def Info: bab4/Gambar/mos-grad.png  used on input line 734.
(pdftex.def)             Requested size: 398.3386pt x 225.33215pt.

Overfull \hbox (12.0pt too wide) in paragraph at lines 731--737
 [] 
 []

[122 <./bab4/Gambar/mos-blok.png> <./bab4/Gambar/mos-blur.png>] [123 <./bab4/Ga
mbar/mos-temp.png> <./bab4/Gambar/mos-grad.png>] [124]
<bab4/Gambar/diagram-regresi.png, id=1812, 951.555pt x 540.0175pt>
File: bab4/Gambar/diagram-regresi.png Graphic file (type png)
<use bab4/Gambar/diagram-regresi.png>
Package pdftex.def Info: bab4/Gambar/diagram-regresi.png  used on input line 84
5.
(pdftex.def)             Requested size: 398.3386pt x 226.0642pt.
<bab4/Gambar/scater-regresi.png, id=1813, 947.54pt x 536.0025pt>
File: bab4/Gambar/scater-regresi.png Graphic file (type png)
<use bab4/Gambar/scater-regresi.png>
Package pdftex.def Info: bab4/Gambar/scater-regresi.png  used on input line 859
.
(pdftex.def)             Requested size: 398.3386pt x 225.33215pt.
 [125 <./bab4/Gambar/diagram-regresi.png>]) (bab5/Bab5_Kesimpulan.tex [126 <./b
ab4/Gambar/scater-regresi.png>] [127]
BAB V\bfseries .
[128

]) [129] (MainTemplateDisertasi.bbl
Underfull \hbox (badness 10000) in paragraph at lines 20--24
[]\T1/lmr/m/n/12 Annur, C. M. (2023), `De-mografi Peng-gu-na Tele-
 []


Underfull \hbox (badness 10000) in paragraph at lines 20--24
\T1/lmr/m/n/12 visi di In-done-sia Ber-dasar-kan Usia (2022)', URL:
 []


Underfull \hbox (badness 10000) in paragraph at lines 20--24
\T1/lmr/m/n/12 https://databoks.katadata.co.id/datapublish/2022/12/09/survei-ni
elsen-
 []


Underfull \hbox (badness 10000) in paragraph at lines 20--24
\T1/lmr/m/n/12 indonesia-mayoritas-pengguna-televisi-di-ri-berusia-50-tahun-ke-
atas.
 []


Underfull \hbox (badness 8151) in paragraph at lines 26--31
[]\T1/lmr/m/n/12 Apple-Inc. (2012), `Com-pres-sor 4 - Us-er Man-u-al, MPEG-2 Re
f-
 []


Underfull \hbox (badness 10000) in paragraph at lines 26--31
\T1/lmr/m/n/12 er-ence In-for-ma-tion', URL: https://help.apple.com/compressor/

 []

[130

] [131]
Underfull \hbox (badness 10000) in paragraph at lines 121--124
[]\T1/lmr/m/n/12 Foundation, T. (2015), `Tv-head-end 4.0 Us-er Guide', URL:
 []


Underfull \hbox (badness 2376) in paragraph at lines 121--124
\T1/lmr/m/n/12 https://docs.tvheadend.org/about_project/.  (Di-ak-ses tang-gal 
5 Ok-
 []


Underfull \hbox (badness 1552) in paragraph at lines 141--145
[]\T1/lmr/m/n/12 Hendrickson, J. (2022), `How to Check Your Wi-Fi Sig-nal Stren
gth',
 []


Overfull \hbox (118.34778pt too wide) in paragraph at lines 147--152
\T1/lmr/m/n/12 https://users.cs.cf.ac.uk/Dave.Marshall/Multimedia/Lecture_Examp
les/Compression/mpegproj/.
 []

[132]
Underfull \hbox (badness 10000) in paragraph at lines 154--158
[]\T1/lmr/m/n/12 Hou, H.-A. (2010), `DVB-T2 tech-nol-o-gy overview
 []


Underfull \hbox (badness 10000) in paragraph at lines 154--158
\T1/lmr/m/n/12 - In-dus-tri-al Tech-nol-o-gy Re-search In-sti-tute', URL:
 []

[133]
Underfull \hbox (badness 10000) in paragraph at lines 203--208
\T1/lmr/m/n/12 URL: https://www.kominfo.go.id/content/detail/43905/siaran-pers-
no-
 []


Underfull \hbox (badness 10000) in paragraph at lines 203--208
\T1/lmr/m/n/12 346hmkominfo082022-tentang-update-perkembangan-analog-switch-off
-
 []

[134] [135]
Underfull \hbox (badness 6173) in paragraph at lines 353--358
[]\T1/lmr/m/n/12 Suryanto (2021), `In-done-sia mu-lai ma-su-ki era TV Dig-i-tal
', URL:
 []


Underfull \hbox (badness 10000) in paragraph at lines 353--358
\T1/lmr/m/n/12 https://www.kominfo.go.id/content/detail/3400/indonesia-mulai-ma
suki-
 []


Underfull \hbox (badness 3861) in paragraph at lines 360--364
\T1/lmr/m/n/12 i-ty?', URL: https://www.smartaerials.co.uk/blog/what-is-the-dif
ference-
 []

[136] [137]) [138]
\openout2 = `daftarlampiran.aux'.

 (daftarlampiran.tex
LaTeX Font Info:    Trying to load font information for T1+lmtt on input line 1
4.

(C:\Program Files\MiKTeX\tex/latex/lm\t1lmtt.fd
File: t1lmtt.fd 2015/05/01 v1.6.1 Font defs for Latin Modern
) [139

] [140] [141]) [142]
(cv.tex
<foto_cv_sandy.jpg, id=1915, 2452.16125pt x 3269.21375pt>
File: foto_cv_sandy.jpg Graphic file (type jpg)
<use foto_cv_sandy.jpg>
Package pdftex.def Info: foto_cv_sandy.jpg  used on input line 17.
(pdftex.def)             Requested size: 122.61523pt x 163.47026pt.
 [143


 <./foto_cv_sandy.jpg>]
Overfull \hbox (7.85649pt too wide) in alignment at lines 58--68
 [] [] [] 
 []


Underfull \hbox (badness 4531) in paragraph at lines 117--118
[]|\T1/lmr/m/n/12 Sandy Suryo Prayo-go, Tuba-
 []


Underfull \hbox (badness 10000) in paragraph at lines 118--118
[]|\T1/lmr/m/n/12 Jurnal Ilmi-ah In-for-mati-ka
 []


Underfull \hbox (badness 6758) in paragraph at lines 118--118
\T1/lmr/m/n/12 Kom-put-er 25 (2), 86-97 ,
 []


Overfull \hbox (9.14336pt too wide) in paragraph at lines 112--124
[][] 
 []

[144])

Package natbib Warning: There were undefined citations.

[145] (MainTemplateDisertasi.aux (cover.aux) (cover_judul.aux)
(Lembar_Pengesahan.aux) (Lembar_Penguji.aux) (originalitas.aux) (abstrak.aux)
(abstract.aux) (katapengantar.aux) (daftaristilah.aux) (daftarlampiran.aux))
 ***********
LaTeX2e <2023-06-01> patch level 1
L3 programming layer <2023-08-29>
 ***********


LaTeX Warning: There were undefined references.


LaTeX Warning: There were multiply-defined labels.

Package rerunfilecheck Info: File `MainTemplateDisertasi.out' has not changed.
(rerunfilecheck)             Checksum: 30D491406B3725EBC4126B8E786F5609;13719.
 ) 
Here is how much of TeX's memory you used:
 31465 strings out of 475248
 564274 string characters out of 5767609
 2101785 words of memory out of 5000000
 51744 multiletter control sequences out of 15000+600000
 650801 words of font info for 102 fonts, out of 8000000 for 9000
 1151 hyphenation exceptions out of 8191
 84i,18n,87p,2663b,1338s stack positions out of 10000i,1000n,20000p,200000b,200000s
<C:/Program Files/MiKTeX/fonts/type1/public/lm/lmbx12.pfb><C:/Program Files/M
iKTeX/fonts/type1/public/lm/lmbxi10.pfb><C:/Program Files/MiKTeX/fonts/type1/pu
blic/lm/lmbxo10.pfb><C:/Program Files/MiKTeX/fonts/type1/public/lm/lmcsc10.pfb>
<C:/Program Files/MiKTeX/fonts/type1/public/lm/lmex10.pfb><C:/Program Files/MiK
TeX/fonts/type1/public/lm/lmmi12.pfb><C:/Program Files/MiKTeX/fonts/type1/publi
c/lm/lmmi6.pfb><C:/Program Files/MiKTeX/fonts/type1/public/lm/lmmi8.pfb><C:/Pro
gram Files/MiKTeX/fonts/type1/public/lm/lmr10.pfb><C:/Program Files/MiKTeX/font
s/type1/public/lm/lmr12.pfb><C:/Program Files/MiKTeX/fonts/type1/public/lm/lmr6
.pfb><C:/Program Files/MiKTeX/fonts/type1/public/lm/lmr8.pfb><C:/Program Files/
MiKTeX/fonts/type1/public/lm/lmr9.pfb><C:/Program Files/MiKTeX/fonts/type1/publ
ic/lm/lmri12.pfb><C:/Program Files/MiKTeX/fonts/type1/public/lm/lmro12.pfb><C:/
Program Files/MiKTeX/fonts/type1/public/lm/lmsy10.pfb><C:/Program Files/MiKTeX/
fonts/type1/public/lm/lmsy8.pfb><C:/Program Files/MiKTeX/fonts/type1/public/lm/
lmtt12.pfb><C:/Program Files/MiKTeX/fonts/type1/public/lm/lmtt9.pfb>
Output written on MainTemplateDisertasi.pdf (169 pages, 39593965 bytes).
PDF statistics:
 2139 PDF objects out of 2487 (max. 8388607)
 530 named destinations out of 1000 (max. 500000)
 943 words of extra memory for PDF output out of 10000 (max. 10000000)

