\BOOKMARK [0][]{Doc-Start}{\376\377\000C\000O\000V\000E\000R}{}% 1
\BOOKMARK [0][]{figure.caption.1}{\376\377\000H\000A\000L\000A\000M\000A\000N\000\040\000J\000U\000D\000U\000L}{}% 2
\BOOKMARK [0][]{figure.caption.2}{\376\377\000L\000E\000M\000B\000A\000R\000\040\000P\000E\000R\000S\000E\000T\000U\000J\000U\000A\000N}{}% 3
\BOOKMARK [0][]{figure.caption.2}{\376\377\000L\000E\000M\000B\000A\000R\000\040\000P\000E\000N\000G\000U\000J\000I}{}% 4
\BOOKMARK [0][]{figure.caption.2}{\376\377\000P\000E\000R\000N\000Y\000A\000T\000A\000A\000N\000\040\000O\000R\000I\000G\000I\000N\000A\000L\000I\000T\000A\000S\000\040\000D\000A\000N\000\040\000P\000U\000B\000L\000I\000K\000A\000S\000I}{}% 5
\BOOKMARK [0][]{figure.caption.2}{\376\377\000A\000B\000S\000T\000R\000A\000K}{}% 6
\BOOKMARK [0][]{figure.caption.2}{\376\377\000A\000B\000S\000T\000R\000A\000C\000T}{}% 7
\BOOKMARK [0][]{figure.caption.2}{\376\377\000K\000A\000T\000A\000\040\000P\000E\000N\000G\000A\000N\000T\000A\000R}{}% 8
\BOOKMARK [0][]{Item.13}{\376\377\000D\000A\000F\000T\000A\000R\000\040\000I\000S\000T\000I\000L\000A\000H}{}% 9
\BOOKMARK [0][]{Item.13}{\376\377\000D\000A\000F\000T\000A\000R\000\040\000I\000S\000I}{}% 10
\BOOKMARK [0][]{chapter*.4}{\376\377\000D\000A\000F\000T\000A\000R\000\040\000T\000A\000B\000E\000L}{}% 11
\BOOKMARK [0][]{chapter*.5}{\376\377\000D\000A\000F\000T\000A\000R\000\040\000G\000A\000M\000B\000A\000R}{}% 12
\BOOKMARK [0][]{chapter*.5}{\376\377\000D\000A\000F\000T\000A\000R\000\040\000A\000L\000G\000O\000R\000I\000T\000M\000A}{}% 13
\BOOKMARK [0][]{chapter.1}{\376\377\000P\000E\000N\000D\000A\000H\000U\000L\000U\000A\000N}{}% 14
\BOOKMARK [1][]{section.1.1}{\376\377\000L\000a\000t\000a\000r\000\040\000B\000e\000l\000a\000k\000a\000n\000g}{chapter.1}% 15
\BOOKMARK [1][]{section.1.2}{\376\377\000B\000a\000t\000a\000s\000a\000n\000\040\000P\000e\000n\000e\000l\000i\000t\000i\000a\000n}{chapter.1}% 16
\BOOKMARK [1][]{section.1.3}{\376\377\000R\000u\000m\000u\000s\000a\000n\000\040\000M\000a\000s\000a\000l\000a\000h}{chapter.1}% 17
\BOOKMARK [1][]{section.1.4}{\376\377\000T\000u\000j\000u\000a\000n\000\040\000P\000e\000n\000e\000l\000i\000t\000i\000a\000n}{chapter.1}% 18
\BOOKMARK [1][]{section.1.5}{\376\377\000K\000o\000n\000t\000r\000i\000b\000u\000s\000i\000\040\000H\000a\000s\000i\000l\000\040\000P\000e\000n\000e\000l\000i\000t\000i\000a\000n}{chapter.1}% 19
\BOOKMARK [0][]{chapter.2}{\376\377\000T\000E\000L\000A\000A\000H\000\040\000P\000U\000S\000T\000A\000K\000A}{}% 20
\BOOKMARK [1][]{section.2.1}{\376\377\000C\000o\000m\000p\000u\000t\000e\000r\000\040\000V\000i\000s\000i\000o\000n}{chapter.2}% 21
\BOOKMARK [1][]{section.2.2}{\376\377\000P\000e\000n\000g\000e\000r\000t\000i\000a\000n\000\040\000C\000i\000t\000r\000a}{chapter.2}% 22
\BOOKMARK [1][]{section.2.3}{\376\377\000P\000e\000n\000g\000o\000l\000a\000h\000a\000n\000\040\000C\000i\000t\000r\000a}{chapter.2}% 23
\BOOKMARK [1][]{section.2.4}{\376\377\000A\000r\000t\000i\000f\000i\000c\000i\000a\000l\000\040\000I\000n\000t\000e\000l\000l\000i\000g\000e\000n\000c\000e\000\040\000\050\000A\000I\000\051}{chapter.2}% 24
\BOOKMARK [1][]{section.2.5}{\376\377\000O\000b\000j\000e\000c\000t\000\040\000D\000e\000t\000e\000c\000t\000i\000o\000n}{chapter.2}% 25
\BOOKMARK [1][]{section.2.6}{\376\377\000M\000a\000c\000h\000i\000n\000e\000\040\000L\000e\000a\000r\000n\000i\000n\000g}{chapter.2}% 26
\BOOKMARK [2][]{subsection.2.6.1}{\376\377\000S\000u\000p\000e\000r\000v\000i\000s\000e\000d\000\040\000L\000e\000a\000r\000n\000i\000n\000g}{section.2.6}% 27
\BOOKMARK [2][]{subsection.2.6.2}{\376\377\000U\000n\000s\000u\000p\000e\000r\000v\000i\000s\000e\000d\000\040\000L\000e\000a\000r\000n\000i\000n\000g}{section.2.6}% 28
\BOOKMARK [2][]{subsection.2.6.3}{\376\377\000S\000e\000m\000i\000-\000s\000u\000p\000e\000r\000v\000i\000s\000e\000d\000\040\000l\000e\000a\000r\000n\000i\000n\000g}{section.2.6}% 29
\BOOKMARK [2][]{subsection.2.6.4}{\376\377\000R\000e\000i\000n\000f\000o\000r\000c\000e\000m\000e\000n\000t\000\040\000L\000e\000a\000r\000n\000i\000n\000g}{section.2.6}% 30
\BOOKMARK [2][]{subsection.2.6.5}{\376\377\000D\000e\000e\000p\000\040\000L\000e\000a\000r\000n\000i\000n\000g}{section.2.6}% 31
\BOOKMARK [1][]{section.2.7}{\376\377\000Y\000o\000u\000\040\000O\000n\000l\000y\000\040\000L\000o\000o\000k\000\040\000O\000n\000c\000e\000\040\000\050\000Y\000O\000L\000O\000\051}{chapter.2}% 32
\BOOKMARK [2][]{subsection.2.7.1}{\376\377\000A\000r\000s\000i\000t\000e\000k\000t\000u\000r\000\040\000Y\000O\000L\000O}{section.2.7}% 33
\BOOKMARK [2][]{subsection.2.7.2}{\376\377\000C\000a\000r\000a\000\040\000k\000e\000r\000j\000a\000\040\000D\000e\000t\000e\000k\000s\000i\000\040\000O\000b\000j\000e\000k\000\040\000Y\000O\000L\000O}{section.2.7}% 34
\BOOKMARK [2][]{subsection.2.7.3}{\376\377\000P\000e\000r\000k\000e\000m\000b\000a\000n\000g\000a\000n\000\040\000Y\000O\000L\000O}{section.2.7}% 35
\BOOKMARK [1][]{section.2.8}{\376\377\000O\000b\000j\000e\000c\000t\000\040\000B\000a\000s\000e\000d\000\040\000I\000m\000a\000g\000e\000\040\000A\000n\000a\000l\000y\000s\000i\000s\000\040\000\050\000O\000B\000I\000A\000\051}{chapter.2}% 36
\BOOKMARK [1][]{section.2.9}{\376\377\000S\000e\000n\000t\000i\000n\000e\000l\000-\0002}{chapter.2}% 37
\BOOKMARK [1][]{section.2.10}{\376\377\000P\000e\000r\000t\000a\000n\000i\000a\000n\000\040\000P\000r\000e\000s\000i\000s\000i}{chapter.2}% 38
\BOOKMARK [1][]{section.2.11}{\376\377\000K\000e\000l\000a\000p\000a\000\040\000S\000a\000w\000i\000t}{chapter.2}% 39
\BOOKMARK [1][]{section.2.12}{\376\377\000T\000e\000k\000n\000o\000l\000o\000g\000i\000\040\000I\000n\000f\000o\000r\000m\000a\000s\000i}{chapter.2}% 40
\BOOKMARK [1][]{section.2.13}{\376\377\000T\000e\000k\000n\000i\000k\000\040\000T\000e\000l\000e\000v\000i\000s\000i\000\040\000D\000i\000g\000i\000t\000a\000l}{chapter.2}% 41
\BOOKMARK [1][]{section.2.14}{\376\377\000D\000i\000g\000i\000t\000a\000l\000\040\000V\000i\000d\000e\000o\000\040\000B\000r\000o\000a\000d\000c\000a\000s\000t\000i\000n\000g\000\040\000T\000e\000r\000e\000s\000t\000i\000a\000l\000\040\0002\000\040\000\050\000D\000V\000B\000-\000T\0002\000\051}{chapter.2}% 42
\BOOKMARK [1][]{section.2.15}{\376\377\000J\000e\000n\000i\000s\000\040\000K\000o\000m\000p\000r\000e\000s\000i\000\040\000T\000r\000a\000n\000s\000m\000i\000s\000i\000\040\000V\000i\000d\000e\000o\000\040\000D\000i\000g\000i\000t\000a\000l}{chapter.2}% 43
\BOOKMARK [2][]{subsection.2.15.1}{\376\377\000V\000i\000d\000e\000o\000\040\000H\000.\0002\0002\0002\000\040\000M\000P\000E\000G\000-\000T\000S}{section.2.15}% 44
\BOOKMARK [2][]{subsection.2.15.2}{\376\377\000V\000i\000d\000e\000o\000\040\000H\000.\0002\0006\0004\000\040\000M\000P\000E\000G\000-\0004}{section.2.15}% 45
\BOOKMARK [1][]{section.2.16}{\376\377\000S\000i\000g\000n\000a\000l\000\040\000t\000o\000\040\000N\000o\000i\000s\000e\000\040\000R\000a\000t\000i\000o\000\040\000\050\000S\000N\000R\000\051}{chapter.2}% 46
\BOOKMARK [1][]{section.2.17}{\376\377\000S\000i\000g\000n\000a\000l\000\040\000S\000t\000r\000e\000n\000g\000t\000h}{chapter.2}% 47
\BOOKMARK [1][]{section.2.18}{\376\377\000M\000e\000t\000r\000i\000k\000\040\000K\000u\000a\000l\000i\000t\000a\000s\000\040\000G\000a\000m\000b\000a\000r}{chapter.2}% 48
\BOOKMARK [2][]{subsection.2.18.1}{\376\377\000P\000e\000n\000i\000l\000a\000i\000a\000n\000\040\000K\000u\000a\000l\000i\000t\000a\000s\000\040\000G\000a\000m\000b\000a\000r\000\040\000R\000e\000f\000e\000r\000e\000n\000s\000i\000\040\000P\000e\000n\000u\000h}{section.2.18}% 49
\BOOKMARK [2][]{subsection.2.18.2}{\376\377\000P\000e\000n\000i\000l\000a\000i\000a\000n\000\040\000K\000u\000a\000l\000i\000t\000a\000s\000\040\000G\000a\000m\000b\000a\000r\000\040\000T\000a\000n\000p\000a\000\040\000R\000e\000f\000e\000r\000e\000n\000s\000i}{section.2.18}% 50
\BOOKMARK [2][]{subsection.2.18.3}{\376\377\000A\000r\000t\000i\000f\000i\000c\000i\000a\000l\000\040\000N\000e\000u\000r\000a\000l\000\040\000N\000e\000t\000w\000o\000r\000k\000\040\000\050\000A\000N\000N\000\051}{section.2.18}% 51
\BOOKMARK [1][]{section.2.19}{\376\377\000P\000e\000r\000a\000n\000g\000k\000a\000t\000\040\000L\000u\000n\000a\000k\000\040\000t\000v\000h\000e\000a\000d\000e\000n\000d}{chapter.2}% 52
\BOOKMARK [1][]{section.2.20}{\376\377\000S\000u\000b\000j\000e\000c\000t\000i\000v\000e\000\040\000A\000s\000s\000e\000s\000s\000m\000e\000n\000t}{chapter.2}% 53
\BOOKMARK [2][]{subsection.2.20.1}{\376\377\000R\000a\000s\000p\000b\000e\000r\000r\000y\000\040\000P\000i\000\040\000+\000\040\000T\000V\000\040\000H\000a\000t}{section.2.20}% 54
\BOOKMARK [2][]{subsection.2.20.2}{\376\377\000D\000V\000B\000-\000T\0002\000\040\000T\000V\000\040\000T\000u\000n\000n\000e\000r}{section.2.20}% 55
\BOOKMARK [2][]{subsection.2.20.3}{\376\377\000C\000o\000n\000f\000u\000s\000i\000o\000n\000\040\000M\000a\000t\000r\000i\000x}{section.2.20}% 56
\BOOKMARK [0][]{chapter.3}{\376\377\000M\000E\000T\000O\000D\000E\000\040\000P\000E\000N\000E\000L\000I\000T\000I\000A\000N}{}% 57
\BOOKMARK [1][]{section.3.1}{\376\377\000T\000a\000h\000a\000p\000a\000n\000\040\000P\000e\000n\000e\000l\000i\000t\000i\000a\000n}{chapter.3}% 58
\BOOKMARK [1][]{section.3.2}{\376\377\000A\000r\000e\000a\000\040\000S\000t\000u\000d\000i}{chapter.3}% 59
\BOOKMARK [2][]{subsection.3.2.1}{\376\377\000O\000b\000y\000e\000k\000\040\000P\000e\000n\000e\000l\000i\000t\000i\000a\000n}{section.3.2}% 60
\BOOKMARK [2][]{subsection.3.2.2}{\376\377\000P\000e\000m\000i\000l\000i\000h\000a\000n\000\040\000P\000e\000r\000a\000n\000g\000k\000a\000t\000\040\000K\000e\000r\000a\000s}{section.3.2}% 61
\BOOKMARK [1][]{section.3.3}{\376\377\000P\000e\000m\000b\000e\000n\000t\000u\000k\000a\000n\000\040\000D\000a\000t\000a\000s\000e\000t}{chapter.3}% 62
\BOOKMARK [2][]{subsection.3.3.1}{\376\377\000A\000k\000u\000i\000s\000i\000s\000i\000\040\000D\000a\000t\000a\000s\000e\000t\000\040\000V\000i\000d\000e\000o}{section.3.3}% 63
\BOOKMARK [2][]{subsection.3.3.2}{\376\377\000M\000e\000t\000r\000i\000k\000\040\000O\000b\000y\000e\000k\000t\000i\000f\000\040\000P\000e\000n\000g\000u\000k\000u\000r\000a\000n\000\040\000K\000u\000a\000l\000i\000t\000a\000s\000\040\000G\000a\000m\000b\000a\000r}{section.3.3}% 64
\BOOKMARK [2][]{subsection.3.3.3}{\376\377\000P\000e\000n\000g\000u\000k\000u\000r\000a\000n\000\040\000S\000u\000b\000y\000e\000k\000t\000i\000f\000\040\000K\000u\000a\000l\000i\000t\000a\000s\000\040\000G\000a\000m\000b\000a\000r}{section.3.3}% 65
\BOOKMARK [1][]{section.3.4}{\376\377\000P\000e\000m\000b\000u\000a\000t\000a\000n\000\040\000M\000o\000d\000e\000l\000\040\000N\000N}{chapter.3}% 66
\BOOKMARK [1][]{section.3.5}{\376\377\000H\000a\000s\000i\000l\000\040\000d\000a\000n\000\040\000P\000e\000r\000h\000i\000t\000u\000n\000g\000a\000n\000\040\000M\000o\000d\000e\000l}{chapter.3}% 67
\BOOKMARK [2][]{subsection.3.5.1}{\376\377\000C\000o\000n\000f\000u\000s\000i\000o\000n\000\040\000m\000a\000t\000r\000i\000k\000s}{section.3.5}% 68
\BOOKMARK [2][]{subsection.3.5.2}{\376\377\000P\000e\000n\000g\000u\000k\000u\000r\000a\000n\000\040\000K\000o\000r\000e\000l\000a\000s\000i}{section.3.5}% 69
\BOOKMARK [1][]{section.3.6}{\376\377\000S\000i\000s\000t\000e\000m\000\040\000P\000e\000n\000g\000u\000k\000u\000r\000a\000n\000\040\000W\000a\000k\000t\000u\000\040\000N\000y\000a\000t\000a}{chapter.3}% 70
\BOOKMARK [2][]{subsection.3.6.1}{\376\377\000T\000a\000h\000a\000p\000a\000n\000\040\000p\000e\000m\000b\000u\000a\000t\000a\000n\000\040\000w\000e\000b\000s\000i\000t\000e\000\040\000p\000e\000m\000a\000n\000t\000a\000u\000a\000n}{section.3.6}% 71
\BOOKMARK [2][]{subsection.3.6.2}{\376\377\000A\000r\000s\000i\000t\000e\000k\000t\000u\000r\000\040\000W\000e\000b\000s\000i\000t\000e\000\040\000M\000o\000n\000i\000t\000o\000r\000i\000n\000g}{section.3.6}% 72
\BOOKMARK [0][]{chapter.4}{\376\377\000H\000A\000S\000I\000L\000\040\000D\000A\000N\000\040\000P\000E\000M\000B\000A\000H\000A\000S\000A\000N}{}% 73
\BOOKMARK [1][]{section.4.1}{\376\377\000M\000a\000t\000e\000r\000i\000a\000l\000\040\000y\000a\000n\000g\000\040\000d\000i\000g\000u\000n\000a\000k\000a\000n}{chapter.4}% 74
\BOOKMARK [2][]{subsection.4.1.1}{\376\377\000P\000r\000o\000s\000e\000s\000\040\000a\000k\000u\000i\000s\000i\000\040\000m\000a\000t\000e\000r\000i\000a\000l\000\040\000v\000i\000d\000e\000o}{section.4.1}% 75
\BOOKMARK [2][]{subsection.4.1.2}{\376\377\000K\000o\000l\000e\000k\000s\000i\000\040\000d\000a\000t\000a}{section.4.1}% 76
\BOOKMARK [2][]{subsection.4.1.3}{\376\377\000P\000e\000r\000a\000n\000g\000k\000a\000t\000\040\000p\000e\000n\000g\000o\000l\000a\000h\000a\000n\000\040\000d\000a\000t\000a}{section.4.1}% 77
\BOOKMARK [1][]{section.4.2}{\376\377\000P\000e\000n\000g\000u\000j\000i\000a\000n\000\040\000m\000e\000t\000r\000i\000k\000\040\000o\000b\000y\000e\000k\000t\000i\000f}{chapter.4}% 78
\BOOKMARK [2][]{subsection.4.2.1}{\376\377\000P\000e\000n\000g\000u\000j\000i\000a\000n\000\040\000m\000e\000t\000r\000i\000k\000\040\000b\000l\000o\000c\000k\000i\000n\000g}{section.4.2}% 79
\BOOKMARK [2][]{subsection.4.2.2}{\376\377\000P\000e\000n\000g\000u\000j\000i\000a\000n\000\040\000m\000e\000t\000r\000i\000k\000\040\000b\000l\000u\000r}{section.4.2}% 80
\BOOKMARK [2][]{subsection.4.2.3}{\376\377\000P\000e\000n\000g\000u\000j\000i\000a\000n\000\040\000m\000e\000t\000r\000i\000k\000\040\000t\000e\000m\000p\000o\000r\000a\000l}{section.4.2}% 81
\BOOKMARK [2][]{subsection.4.2.4}{\376\377\000P\000e\000n\000g\000u\000k\000u\000r\000a\000n\000\040\000o\000b\000y\000e\000k\000t\000i\000f\000\040\000p\000a\000d\000a\000\040\000k\000e\000s\000e\000l\000u\000r\000u\000h\000a\000n\000\040\000d\000a\000t\000a\000s\000e\000t}{section.4.2}% 82
\BOOKMARK [1][]{section.4.3}{\376\377\000H\000a\000s\000i\000l\000\040\000p\000e\000n\000g\000a\000m\000b\000i\000l\000a\000n\000\040\000d\000a\000t\000a\000\040\000p\000e\000n\000g\000u\000k\000u\000r\000a\000n\000\040\000s\000u\000b\000y\000e\000k\000t\000i\000f}{chapter.4}% 83
\BOOKMARK [2][]{subsection.4.3.1}{\376\377\000M\000a\000t\000e\000r\000i\000a\000l\000\040\000p\000e\000n\000g\000u\000k\000u\000r\000a\000n\000\040\000s\000u\000b\000y\000e\000k\000t\000i\000f}{section.4.3}% 84
\BOOKMARK [2][]{subsection.4.3.2}{\376\377\000P\000e\000r\000a\000n\000g\000k\000a\000t\000\040\000y\000a\000n\000g\000\040\000d\000i\000g\000u\000n\000a\000k\000a\000n}{section.4.3}% 85
\BOOKMARK [2][]{subsection.4.3.3}{\376\377\000P\000r\000o\000s\000e\000s\000\040\000p\000e\000n\000g\000u\000k\000u\000r\000a\000n\000\040\000s\000u\000b\000y\000e\000k\000t\000i\000f\000\040}{section.4.3}% 86
\BOOKMARK [2][]{subsection.4.3.4}{\376\377\000H\000a\000s\000i\000l\000\040\000p\000e\000n\000g\000u\000k\000u\000r\000a\000n\000\040\000s\000u\000b\000y\000e\000k\000t\000i\000f}{section.4.3}% 87
\BOOKMARK [1][]{section.4.4}{\376\377\000P\000e\000n\000g\000u\000j\000i\000a\000n\000\040\000d\000a\000n\000\040\000h\000a\000s\000i\000l\000\040\000p\000a\000d\000a\000\040\000N\000N}{chapter.4}% 88
\BOOKMARK [2][]{subsection.4.4.1}{\376\377\000D\000a\000t\000a\000\040\000m\000a\000s\000u\000k\000a\000n\000\040\000d\000a\000n\000\040\000l\000u\000a\000r\000a\000n\000\040\000m\000o\000d\000e\000l}{section.4.4}% 89
\BOOKMARK [2][]{subsection.4.4.2}{\376\377\000P\000e\000n\000g\000u\000j\000i\000a\000n\000\040\000a\000r\000s\000i\000t\000e\000k\000t\000u\000r\000\040\000N\000N}{section.4.4}% 90
\BOOKMARK [1][]{section.4.5}{\376\377\000A\000p\000l\000i\000k\000a\000s\000i\000\040\000p\000e\000m\000a\000n\000t\000a\000u\000a\000n\000\040\000k\000u\000a\000l\000i\000t\000a\000s\000\040\000g\000a\000m\000b\000a\000r\000\040\000s\000i\000a\000r\000a\000n\000\040\000D\000V\000B\000-\000T\0002}{chapter.4}% 91
\BOOKMARK [2][]{subsection.4.5.1}{\376\377\000A\000r\000s\000i\000t\000e\000k\000t\000u\000r\000\040\000a\000p\000l\000i\000k\000a\000s\000i}{section.4.5}% 92
\BOOKMARK [2][]{subsection.4.5.2}{\376\377\000P\000e\000n\000g\000u\000j\000i\000a\000n\000\040\000d\000a\000n\000\040\000i\000m\000p\000l\000e\000m\000e\000n\000t\000a\000s\000i\000\040\000a\000p\000l\000i\000k\000a\000s\000i}{section.4.5}% 93
\BOOKMARK [0][]{chapter.5}{\376\377\000P\000E\000N\000U\000T\000U\000P}{}% 94
\BOOKMARK [1][]{section.5.1}{\376\377\000K\000e\000s\000i\000m\000p\000u\000l\000a\000n}{chapter.5}% 95
\BOOKMARK [1][]{section.5.2}{\376\377\000S\000a\000r\000a\000n}{chapter.5}% 96
\BOOKMARK [0][]{section.5.2}{\376\377\000D\000A\000F\000T\000A\000R\000\040\000P\000U\000S\000T\000A\000K\000A}{}% 97
\BOOKMARK [0][]{table.caption.131}{\376\377\000D\000A\000F\000T\000A\000R\000\040\000R\000I\000W\000A\000Y\000A\000T\000\040\000H\000I\000D\000U\000P}{}% 98
